Using pre-set license
Built from '2020.3/staging' branch; Version is '2020.3.26f1 (7298b473bc1a) revision 7510196'; Using compiler version '192528614'; Build Type 'Release'
OS: 'Windows 11  (10.0.25120) 64bit Core' Language: 'en' Physical Memory: 16305 MB
BatchMode: 1, IsHumanControllingUs: 0, StartBugReporterOnCrash: 0, Is64bit: 1, IsPro: 0

COMMAND LINE ARGUMENTS:
C:\Program Files\Unity\Hub\Editor\2020.3.26f1\Editor\Unity.exe
-adb2
-batchMode
-noUpm
-name
AssetImportWorker0
-projectPath
C:/Users/mattn/Desktop/GameJam/gamedevTV plat
-logFile
Logs/AssetImportWorker0.log
-srvPort
61093
Successfully changed project path to: C:/Users/mattn/Desktop/GameJam/gamedevTV plat
C:/Users/mattn/Desktop/GameJam/gamedevTV plat
Using Asset Import Pipeline V2.
Refreshing native plugins compatible for Editor in 40.23 ms, found 3 plugins.
Preloading 0 native plugins for Editor in 0.00 ms.
Initialize engine version: 2020.3.26f1 (7298b473bc1a)
[Subsystems] Discovering subsystems at path C:/Program Files/Unity/Hub/Editor/2020.3.26f1/Editor/Data/Resources/UnitySubsystems
[Subsystems] Discovering subsystems at path C:/Users/mattn/Desktop/GameJam/gamedevTV plat/Assets
GfxDevice: creating device client; threaded=0
Direct3D:
    Version:  Direct3D 11.0 [level 11.1]
    Renderer: AMD Radeon RX 5600 XT (ID=0x731f)
    Vendor:   
    VRAM:     6103 MB
    Driver:   30.0.21001.1004
Initialize mono
Mono path[0] = 'C:/Program Files/Unity/Hub/Editor/2020.3.26f1/Editor/Data/Managed'
Mono path[1] = 'C:/Program Files/Unity/Hub/Editor/2020.3.26f1/Editor/Data/MonoBleedingEdge/lib/mono/unityjit'
Mono config path = 'C:/Program Files/Unity/Hub/Editor/2020.3.26f1/Editor/Data/MonoBleedingEdge/etc'
Using monoOptions --debugger-agent=transport=dt_socket,embedding=1,server=y,suspend=n,address=127.0.0.1:56508
Begin MonoManager ReloadAssembly
Registering precompiled unity dll's ...
Register platform support module: C:/Program Files/Unity/Hub/Editor/2020.3.26f1/Editor/Data/PlaybackEngines/WebGLSupport/UnityEditor.WebGL.Extensions.dll
Register platform support module: C:/Program Files/Unity/Hub/Editor/2020.3.26f1/Editor/Data/PlaybackEngines/WindowsStandaloneSupport/UnityEditor.WindowsStandalone.Extensions.dll
Registered in 0.001718 seconds.
Native extension for WindowsStandalone target not found
Native extension for WebGL target not found
Refreshing native plugins compatible for Editor in 40.00 ms, found 3 plugins.
Preloading 0 native plugins for Editor in 0.00 ms.
Mono: successfully reloaded assembly
- Completed reload, in  0.503 seconds
Domain Reload Profiling:
	ReloadAssembly (503ms)
		BeginReloadAssembly (45ms)
			ExecutionOrderSort (0ms)
			DisableScriptedObjects (0ms)
			BackupInstance (0ms)
			ReleaseScriptingObjects (0ms)
			CreateAndSetChildDomain (1ms)
		EndReloadAssembly (395ms)
			LoadAssemblies (43ms)
			RebuildTransferFunctionScriptingTraits (0ms)
			SetupTypeCache (125ms)
			ReleaseScriptCaches (0ms)
			RebuildScriptCaches (30ms)
			SetupLoadedEditorAssemblies (154ms)
				LogAssemblyErrors (0ms)
				InitializePlatformSupportModulesInManaged (5ms)
				SetLoadedEditorAssemblies (0ms)
				RefreshPlugins (40ms)
				BeforeProcessingInitializeOnLoad (14ms)
				ProcessInitializeOnLoadAttributes (71ms)
				ProcessInitializeOnLoadMethodAttributes (23ms)
				AfterProcessingInitializeOnLoad (0ms)
				EditorAssembliesLoaded (0ms)
			ExecutionOrderSort2 (0ms)
			AwakeInstancesAfterBackupRestoration (0ms)
Platform modules already initialized, skipping
Registering precompiled user dll's ...
Registered in 0.004104 seconds.
Begin MonoManager ReloadAssembly
Native extension for WindowsStandalone target not found
Native extension for WebGL target not found
Refreshing native plugins compatible for Editor in 40.59 ms, found 3 plugins.
Preloading 0 native plugins for Editor in 0.00 ms.
Mono: successfully reloaded assembly
- Completed reload, in  0.970 seconds
Domain Reload Profiling:
	ReloadAssembly (971ms)
		BeginReloadAssembly (119ms)
			ExecutionOrderSort (0ms)
			DisableScriptedObjects (4ms)
			BackupInstance (0ms)
			ReleaseScriptingObjects (0ms)
			CreateAndSetChildDomain (17ms)
		EndReloadAssembly (798ms)
			LoadAssemblies (73ms)
			RebuildTransferFunctionScriptingTraits (0ms)
			SetupTypeCache (244ms)
			ReleaseScriptCaches (1ms)
			RebuildScriptCaches (51ms)
			SetupLoadedEditorAssemblies (322ms)
				LogAssemblyErrors (0ms)
				InitializePlatformSupportModulesInManaged (4ms)
				SetLoadedEditorAssemblies (0ms)
				RefreshPlugins (41ms)
				BeforeProcessingInitializeOnLoad (78ms)
				ProcessInitializeOnLoadAttributes (180ms)
				ProcessInitializeOnLoadMethodAttributes (14ms)
				AfterProcessingInitializeOnLoad (5ms)
				EditorAssembliesLoaded (0ms)
			ExecutionOrderSort2 (0ms)
			AwakeInstancesAfterBackupRestoration (5ms)
Platform modules already initialized, skipping
========================================================================
Worker process is ready to serve import requests
Launched and connected shader compiler UnityShaderCompiler.exe after 0.05 seconds
Refreshing native plugins compatible for Editor in 0.80 ms, found 3 plugins.
Preloading 0 native plugins for Editor in 0.00 ms.
Unloading 2197 Unused Serialized files (Serialized files now loaded: 0)
System memory in use before: 95.8 MB.
System memory in use after: 95.9 MB.

Unloading 28 unused Assets to reduce memory usage. Loaded Objects now: 2630.
Total: 3.252400 ms (FindLiveObjects: 0.247400 ms CreateObjectMapping: 0.051900 ms MarkObjects: 2.876200 ms  DeleteObjects: 0.075600 ms)

AssetImportParameters requested are different than current active one (requested -> active):
  custom:framework-win-MediaFoundation: 216162199b28c13a410421893ffa2e32 -> 
  custom:video-decoder-ogg-theora: a1e56fd34408186e4bbccfd4996cb3dc -> 
  custom:container-muxer-webm: aa71ff27fc2769a1b78a27578f13a17b -> 
  custom:container-demuxer-webm: 4f35f7cbe854078d1ac9338744f61a02 -> 
  custom:container-demuxer-ogg: 62fdf1f143b41e24485cea50d1cbac27 -> 
  custom:video-encoder-webm-vp8: eb34c28f22e8b96e1ab97ce403110664 -> 
  custom:video-decoder-webm-vp8: 9c59270c3fd7afecdb556c50c9e8de78 -> 
  custom:audio-decoder-ogg-vorbis: bf7c407c2cedff20999df2af8eb42d56 -> 
  custom:audio-encoder-webm-vorbis: bf7c407c2cedff20999df2af8eb42d56 -> 
========================================================================
Received Import Request.
  path: Assets/Distant Forest Assets/Swamp Forest/SwampBgOrange_4.png
  artifactKey: Guid(f8d55e0c05d66014ebda9528d1a48d30) Importer(815301076,1909f56bfc062723c751e8b465ee728b)
Start importing Assets/Distant Forest Assets/Swamp Forest/SwampBgOrange_4.png using Guid(f8d55e0c05d66014ebda9528d1a48d30) Importer(815301076,1909f56bfc062723c751e8b465ee728b)  -> (artifact id: 'a2095ec18ec98bc7ab42511b41dd9683') in 0.084396 seconds 
  Import took 0.087818 seconds .

========================================================================
Received Import Request.
  Time since last request: 0.000186 seconds.
  path: Assets/Distant Forest Assets/Swamp Forest/SwampBg_4.png
  artifactKey: Guid(fa5cb382b103fa240bde047b8c1d3a5c) Importer(815301076,1909f56bfc062723c751e8b465ee728b)
Start importing Assets/Distant Forest Assets/Swamp Forest/SwampBg_4.png using Guid(fa5cb382b103fa240bde047b8c1d3a5c) Importer(815301076,1909f56bfc062723c751e8b465ee728b)  -> (artifact id: '2ea73c7b7d671ae9164990c6e28a0716') in 0.014138 seconds 
  Import took 0.016963 seconds .

========================================================================
Received Import Request.
  Time since last request: 0.000200 seconds.
  path: Assets/Distant Forest Assets/Swamp Forest
  artifactKey: Guid(8671623309563a64d8802494d8914f10) Importer(815301076,1909f56bfc062723c751e8b465ee728b)
Start importing Assets/Distant Forest Assets/Swamp Forest using Guid(8671623309563a64d8802494d8914f10) Importer(815301076,1909f56bfc062723c751e8b465ee728b)  -> (artifact id: '747b29cd83a2419b7ae2807f6dbc1e21') in 0.005424 seconds 
  Import took 0.008977 seconds .

========================================================================
Received Import Request.
  Time since last request: 0.000292 seconds.
  path: Assets/Distant Forest Assets/Swamp Forest/SwampPack1.png
  artifactKey: Guid(3363509718ff4444e954854ef656d7cb) Importer(815301076,1909f56bfc062723c751e8b465ee728b)
Start importing Assets/Distant Forest Assets/Swamp Forest/SwampPack1.png using Guid(3363509718ff4444e954854ef656d7cb) Importer(815301076,1909f56bfc062723c751e8b465ee728b)  -> (artifact id: 'da3dec0b57c860298ba625b7c73ccf0f') in 0.015491 seconds 
  Import took 0.018809 seconds .

========================================================================
Received Import Request.
  Time since last request: 0.000209 seconds.
  path: Assets/Distant Forest Assets
  artifactKey: Guid(5411a23359cde9d429c255f3e30795b2) Importer(815301076,1909f56bfc062723c751e8b465ee728b)
Start importing Assets/Distant Forest Assets using Guid(5411a23359cde9d429c255f3e30795b2) Importer(815301076,1909f56bfc062723c751e8b465ee728b)  -> (artifact id: '95fa923a4d9fe0ebef6bea7bc9862166') in 0.005515 seconds 
  Import took 0.008696 seconds .

========================================================================
Received Import Request.
  Time since last request: 0.000195 seconds.
  path: Assets/Distant Forest Assets/Swamp Forest/SwampBg_1.png
  artifactKey: Guid(00d980795bcc4e342b413ec579e7643c) Importer(815301076,1909f56bfc062723c751e8b465ee728b)
Start importing Assets/Distant Forest Assets/Swamp Forest/SwampBg_1.png using Guid(00d980795bcc4e342b413ec579e7643c) Importer(815301076,1909f56bfc062723c751e8b465ee728b)  -> (artifact id: '0ac762ecdfc25e52517f5b1de692102a') in 0.013667 seconds 
  Import took 0.017133 seconds .

========================================================================
Received Import Request.
  Time since last request: 0.000215 seconds.
  path: Assets/Distant Forest Assets/Swamp Forest/SwampBg_3.png
  artifactKey: Guid(9618656a00c17fe4bbccff4470018111) Importer(815301076,1909f56bfc062723c751e8b465ee728b)
Start importing Assets/Distant Forest Assets/Swamp Forest/SwampBg_3.png using Guid(9618656a00c17fe4bbccff4470018111) Importer(815301076,1909f56bfc062723c751e8b465ee728b)  -> (artifact id: 'd6440e78bfcaf4b267c547441344110c') in 0.013403 seconds 
  Import took 0.016880 seconds .

========================================================================
Received Import Request.
  Time since last request: 0.000239 seconds.
  path: Assets/Distant Forest Assets/Swamp Forest/SwampBgOrange_3.png
  artifactKey: Guid(e53aec077838ff84993fe48245389698) Importer(815301076,1909f56bfc062723c751e8b465ee728b)
Start importing Assets/Distant Forest Assets/Swamp Forest/SwampBgOrange_3.png using Guid(e53aec077838ff84993fe48245389698) Importer(815301076,1909f56bfc062723c751e8b465ee728b)  -> (artifact id: '37cc9a2678b1688814f84916d7662773') in 0.012997 seconds 
  Import took 0.016696 seconds .

========================================================================
Received Import Request.
  Time since last request: 0.000187 seconds.
  path: Assets/Distant Forest Assets/Green Forest
  artifactKey: Guid(71a5b482cfa23bc4eab9341b5ae152a0) Importer(815301076,1909f56bfc062723c751e8b465ee728b)
Start importing Assets/Distant Forest Assets/Green Forest using Guid(71a5b482cfa23bc4eab9341b5ae152a0) Importer(815301076,1909f56bfc062723c751e8b465ee728b)  -> (artifact id: '4610a10aa012c469a6aa96b2994c41df') in 0.005649 seconds 
  Import took 0.008547 seconds .

========================================================================
Received Import Request.
  Time since last request: 0.000201 seconds.
  path: Assets/Distant Forest Assets/Swamp Forest/SwampBgOrange_1.png
  artifactKey: Guid(a22dd364e2770a04b9ace96821f24d6e) Importer(815301076,1909f56bfc062723c751e8b465ee728b)
Start importing Assets/Distant Forest Assets/Swamp Forest/SwampBgOrange_1.png using Guid(a22dd364e2770a04b9ace96821f24d6e) Importer(815301076,1909f56bfc062723c751e8b465ee728b)  -> (artifact id: 'd602ffa9b2262e1435167dd36c54a924') in 0.013385 seconds 
  Import took 0.016369 seconds .

========================================================================
Received Import Request.
  Time since last request: 0.000225 seconds.
  path: Assets/Distant Forest Assets/Swamp Forest/SwampBg_2.png
  artifactKey: Guid(949b4f7a4a7db7a488c410a490d24635) Importer(815301076,1909f56bfc062723c751e8b465ee728b)
Start importing Assets/Distant Forest Assets/Swamp Forest/SwampBg_2.png using Guid(949b4f7a4a7db7a488c410a490d24635) Importer(815301076,1909f56bfc062723c751e8b465ee728b)  -> (artifact id: '0edbb25c61e781c43937473523f3b698') in 0.012951 seconds 
  Import took 0.016300 seconds .

========================================================================
Received Import Request.
  Time since last request: 0.000208 seconds.
  path: Assets/Distant Forest Assets/Swamp Forest/SwampPack2.png
  artifactKey: Guid(4d33f1aa7cf312b4c9f09b998744895e) Importer(815301076,1909f56bfc062723c751e8b465ee728b)
Start importing Assets/Distant Forest Assets/Swamp Forest/SwampPack2.png using Guid(4d33f1aa7cf312b4c9f09b998744895e) Importer(815301076,1909f56bfc062723c751e8b465ee728b)  -> (artifact id: '695d7e26dbb0cc8454ed70a7f9f5d00b') in 0.012868 seconds 
  Import took 0.016429 seconds .

========================================================================
Received Import Request.
  Time since last request: 0.000283 seconds.
  path: Assets/Distant Forest Assets/Swamp Forest/SwampBgOrange_2.png
  artifactKey: Guid(6d236423a1ea189478c041f4c4625d08) Importer(815301076,1909f56bfc062723c751e8b465ee728b)
Start importing Assets/Distant Forest Assets/Swamp Forest/SwampBgOrange_2.png using Guid(6d236423a1ea189478c041f4c4625d08) Importer(815301076,1909f56bfc062723c751e8b465ee728b)  -> (artifact id: '4ea4492a463fe8295a2e017c164d9846') in 0.012578 seconds 
  Import took 0.016001 seconds .

========================================================================
Received Import Request.
  Time since last request: 17.686893 seconds.
  path: Assets
  artifactKey: Guid(00000000000000001000000000000000) Importer(815301076,1909f56bfc062723c751e8b465ee728b)
Start importing Assets using Guid(00000000000000001000000000000000) Importer(815301076,1909f56bfc062723c751e8b465ee728b)  -> (artifact id: '42d402b061de3733987d63b9cc3b64de') in 0.005766 seconds 
  Import took 0.009279 seconds .

========================================================================
Received Import Request.
  Time since last request: 4.497218 seconds.
  path: Assets/Sprites
  artifactKey: Guid(8aab9ec4f429d3b44bd07fa48cb95f7d) Importer(815301076,1909f56bfc062723c751e8b465ee728b)
Start importing Assets/Sprites using Guid(8aab9ec4f429d3b44bd07fa48cb95f7d) Importer(815301076,1909f56bfc062723c751e8b465ee728b)  -> (artifact id: '000cbf5f1324f462b761664ca8e40591') in 0.005322 seconds 
  Import took 0.008647 seconds .

========================================================================
Received Import Request.
  Time since last request: 71.517468 seconds.
  path: Assets/Distant Forest Assets/Taiga Forest
  artifactKey: Guid(299e75625c0e9434ba15cc975f9bd9af) Importer(815301076,1909f56bfc062723c751e8b465ee728b)
Start importing Assets/Distant Forest Assets/Taiga Forest using Guid(299e75625c0e9434ba15cc975f9bd9af) Importer(815301076,1909f56bfc062723c751e8b465ee728b)  -> (artifact id: 'b4c438dbd240ade96399a204a4a808d7') in 0.005965 seconds 
  Import took 0.009584 seconds .

========================================================================
Received Import Request.
  Time since last request: 0.067268 seconds.
  path: Assets/Distant Forest Assets/Taiga Forest/TaigaBg_1.png
  artifactKey: Guid(6d333e9075ddf304fbb7e0fa947168cb) Importer(815301076,1909f56bfc062723c751e8b465ee728b)
Start importing Assets/Distant Forest Assets/Taiga Forest/TaigaBg_1.png using Guid(6d333e9075ddf304fbb7e0fa947168cb) Importer(815301076,1909f56bfc062723c751e8b465ee728b)  -> (artifact id: 'ed39945e497a5309dd206f220ac4f523') in 0.011855 seconds 
  Import took 0.015198 seconds .

========================================================================
Received Import Request.
  Time since last request: 0.000170 seconds.
  path: Assets/Distant Forest Assets/Taiga Forest/TaigaBg_4.png
  artifactKey: Guid(0a29b3286bbbe2f48aa7832458b4c185) Importer(815301076,1909f56bfc062723c751e8b465ee728b)
Start importing Assets/Distant Forest Assets/Taiga Forest/TaigaBg_4.png using Guid(0a29b3286bbbe2f48aa7832458b4c185) Importer(815301076,1909f56bfc062723c751e8b465ee728b)  -> (artifact id: '6756e46cf6fb7d70d164bd22a7a6bafe') in 0.010426 seconds 
  Import took 0.013187 seconds .

========================================================================
Received Import Request.
  Time since last request: 0.000193 seconds.
  path: Assets/Distant Forest Assets/Taiga Forest/TaigaBg_2.png
  artifactKey: Guid(37627e03d6f221a4188f64e377dd4e1f) Importer(815301076,1909f56bfc062723c751e8b465ee728b)
Start importing Assets/Distant Forest Assets/Taiga Forest/TaigaBg_2.png using Guid(37627e03d6f221a4188f64e377dd4e1f) Importer(815301076,1909f56bfc062723c751e8b465ee728b)  -> (artifact id: '9fa6b1642bcbcf80579f13c29acb78db') in 0.011736 seconds 
  Import took 0.014891 seconds .

========================================================================
Received Import Request.
  Time since last request: 0.000356 seconds.
  path: Assets/Distant Forest Assets/Taiga Forest/TaigaPack2.png
  artifactKey: Guid(017d33dc8eca67c4baae35677e758ae8) Importer(815301076,1909f56bfc062723c751e8b465ee728b)
Start importing Assets/Distant Forest Assets/Taiga Forest/TaigaPack2.png using Guid(017d33dc8eca67c4baae35677e758ae8) Importer(815301076,1909f56bfc062723c751e8b465ee728b)  -> (artifact id: '2da4f62950df8a19fc11a6f276e102c9') in 0.015451 seconds 
  Import took 0.019097 seconds .

========================================================================
Received Import Request.
  Time since last request: 0.000218 seconds.
  path: Assets/Distant Forest Assets/Taiga Forest/TaigaBg_3.png
  artifactKey: Guid(b2b3a660a0b03784e9476b235dcd2bbd) Importer(815301076,1909f56bfc062723c751e8b465ee728b)
Start importing Assets/Distant Forest Assets/Taiga Forest/TaigaBg_3.png using Guid(b2b3a660a0b03784e9476b235dcd2bbd) Importer(815301076,1909f56bfc062723c751e8b465ee728b)  -> (artifact id: 'de6bcc926d086bcc1db78c2224f5fc59') in 0.011711 seconds 
  Import took 0.014965 seconds .

========================================================================
Received Import Request.
  Time since last request: 0.000222 seconds.
  path: Assets/Distant Forest Assets/Taiga Forest/TaigaPack1.png
  artifactKey: Guid(7a7cbe6c4a73a9a45b0f200d31deb971) Importer(815301076,1909f56bfc062723c751e8b465ee728b)
Start importing Assets/Distant Forest Assets/Taiga Forest/TaigaPack1.png using Guid(7a7cbe6c4a73a9a45b0f200d31deb971) Importer(815301076,1909f56bfc062723c751e8b465ee728b)  -> (artifact id: 'da1ad69d03a149b06825633f7a083ec0') in 0.014587 seconds 
  Import took 0.017450 seconds .

========================================================================
Received Import Request.
  Time since last request: 13.080540 seconds.
  path: Assets/Distant Forest Assets/Green Forest/ForestBgGreen_1.png
  artifactKey: Guid(970f9dfa4cbed064e97a1666cbacd6e1) Importer(815301076,1909f56bfc062723c751e8b465ee728b)
Start importing Assets/Distant Forest Assets/Green Forest/ForestBgGreen_1.png using Guid(970f9dfa4cbed064e97a1666cbacd6e1) Importer(815301076,1909f56bfc062723c751e8b465ee728b)  -> (artifact id: '238518def6a4bfa2d37bd1a0118a5b2f') in 0.010873 seconds 
  Import took 0.014288 seconds .

========================================================================
Received Import Request.
  Time since last request: 0.000192 seconds.
  path: Assets/Distant Forest Assets/Green Forest/ForestBgLightGreen_3.png
  artifactKey: Guid(bc7e22974dfe74f4a9eec536705c905b) Importer(815301076,1909f56bfc062723c751e8b465ee728b)
Start importing Assets/Distant Forest Assets/Green Forest/ForestBgLightGreen_3.png using Guid(bc7e22974dfe74f4a9eec536705c905b) Importer(815301076,1909f56bfc062723c751e8b465ee728b)  -> (artifact id: '9d3079fbb89634096268227b9cafec45') in 0.012738 seconds 
  Import took 0.015633 seconds .

========================================================================
Received Import Request.
  Time since last request: 0.000176 seconds.
  path: Assets/Distant Forest Assets/Green Forest/ForestPack1.png
  artifactKey: Guid(705ea5e4e94eb184d8976f1a82a21bcd) Importer(815301076,1909f56bfc062723c751e8b465ee728b)
Start importing Assets/Distant Forest Assets/Green Forest/ForestPack1.png using Guid(705ea5e4e94eb184d8976f1a82a21bcd) Importer(815301076,1909f56bfc062723c751e8b465ee728b)  -> (artifact id: '7008f732f5e021960c9349e0367eaf48') in 0.017660 seconds 
  Import took 0.020626 seconds .

========================================================================
Received Import Request.
  Time since last request: 0.000163 seconds.
  path: Assets/Distant Forest Assets/Green Forest/ForestBgLightGreen_4.png
  artifactKey: Guid(7a47af75341180140976aed75d924861) Importer(815301076,1909f56bfc062723c751e8b465ee728b)
Start importing Assets/Distant Forest Assets/Green Forest/ForestBgLightGreen_4.png using Guid(7a47af75341180140976aed75d924861) Importer(815301076,1909f56bfc062723c751e8b465ee728b)  -> (artifact id: '02c62ce183af85240871b6e0d5509e6a') in 0.011845 seconds 
  Import took 0.014955 seconds .

========================================================================
Received Import Request.
  Time since last request: 0.000174 seconds.
  path: Assets/Distant Forest Assets/Green Forest/ForestPack2.png
  artifactKey: Guid(80b56071c13d4854cb913a323961d9a6) Importer(815301076,1909f56bfc062723c751e8b465ee728b)
Start importing Assets/Distant Forest Assets/Green Forest/ForestPack2.png using Guid(80b56071c13d4854cb913a323961d9a6) Importer(815301076,1909f56bfc062723c751e8b465ee728b)  -> (artifact id: 'e50d1c1e0649dc04b0a324f4ca1390b0') in 0.012327 seconds 
  Import took 0.015483 seconds .

========================================================================
Received Import Request.
  Time since last request: 0.000237 seconds.
  path: Assets/Distant Forest Assets/Green Forest/ForestBgLightGreen_2.png
  artifactKey: Guid(9ed2c2ebf2b182f429de1e32d7a18bc0) Importer(815301076,1909f56bfc062723c751e8b465ee728b)
Start importing Assets/Distant Forest Assets/Green Forest/ForestBgLightGreen_2.png using Guid(9ed2c2ebf2b182f429de1e32d7a18bc0) Importer(815301076,1909f56bfc062723c751e8b465ee728b)  -> (artifact id: 'b0a946e406d821661daa90dad212f8e1') in 0.011411 seconds 
  Import took 0.014791 seconds .

========================================================================
Received Import Request.
  Time since last request: 0.000225 seconds.
  path: Assets/Distant Forest Assets/Green Forest/ForestBgGreen_2.png
  artifactKey: Guid(463454a640eb5dc41945ef5ad77106a5) Importer(815301076,1909f56bfc062723c751e8b465ee728b)
Start importing Assets/Distant Forest Assets/Green Forest/ForestBgGreen_2.png using Guid(463454a640eb5dc41945ef5ad77106a5) Importer(815301076,1909f56bfc062723c751e8b465ee728b)  -> (artifact id: '0af38e34dd18a9d0319d30597a481999') in 0.011803 seconds 
  Import took 0.015174 seconds .

========================================================================
Received Import Request.
  Time since last request: 0.000226 seconds.
  path: Assets/Distant Forest Assets/Green Forest/ForestBgLightGreen_1.png
  artifactKey: Guid(ca514bfb7dc13e246be99e87a0dd9907) Importer(815301076,1909f56bfc062723c751e8b465ee728b)
Start importing Assets/Distant Forest Assets/Green Forest/ForestBgLightGreen_1.png using Guid(ca514bfb7dc13e246be99e87a0dd9907) Importer(815301076,1909f56bfc062723c751e8b465ee728b)  -> (artifact id: 'f3df72b8f26adb13c0e2a9bc2a57e6f1') in 0.011843 seconds 
  Import took 0.015461 seconds .

========================================================================
Received Import Request.
  Time since last request: 0.000171 seconds.
  path: Assets/Distant Forest Assets/Green Forest/ForestBgGreen_3.png
  artifactKey: Guid(374062332762c22458f8723c56e0629c) Importer(815301076,1909f56bfc062723c751e8b465ee728b)
Start importing Assets/Distant Forest Assets/Green Forest/ForestBgGreen_3.png using Guid(374062332762c22458f8723c56e0629c) Importer(815301076,1909f56bfc062723c751e8b465ee728b)  -> (artifact id: '5c11af6df8c8f45683a3298784e202f4') in 0.013216 seconds 
  Import took 0.016261 seconds .

========================================================================
Received Import Request.
  Time since last request: 0.000221 seconds.
  path: Assets/Distant Forest Assets/Green Forest/ForestBgGreen_4.png
  artifactKey: Guid(305f48e6ee3eafd4380ecdc296a99b90) Importer(815301076,1909f56bfc062723c751e8b465ee728b)
Start importing Assets/Distant Forest Assets/Green Forest/ForestBgGreen_4.png using Guid(305f48e6ee3eafd4380ecdc296a99b90) Importer(815301076,1909f56bfc062723c751e8b465ee728b)  -> (artifact id: 'fba38ba5d28b152d0669c793c3bb1033') in 0.011145 seconds 
  Import took 0.014552 seconds .

========================================================================
Received Import Request.
  Time since last request: 123.727503 seconds.
  path: Assets/Distant Forest Assets/Green Forest/ForestPack2.png
  artifactKey: Guid(80b56071c13d4854cb913a323961d9a6) Importer(815301076,1909f56bfc062723c751e8b465ee728b)
Start importing Assets/Distant Forest Assets/Green Forest/ForestPack2.png using Guid(80b56071c13d4854cb913a323961d9a6) Importer(815301076,1909f56bfc062723c751e8b465ee728b)  -> (artifact id: 'e829e8acaf77bfc85ddfb0c4d7787d33') in 0.012918 seconds 
  Import took 0.016453 seconds .

========================================================================
Received Import Request.
  Time since last request: 43.080517 seconds.
  path: Assets/Distant Forest Assets/Green Forest/ForestPack1.png
  artifactKey: Guid(705ea5e4e94eb184d8976f1a82a21bcd) Importer(815301076,1909f56bfc062723c751e8b465ee728b)
Start importing Assets/Distant Forest Assets/Green Forest/ForestPack1.png using Guid(705ea5e4e94eb184d8976f1a82a21bcd) Importer(815301076,1909f56bfc062723c751e8b465ee728b)  -> (artifact id: '0db491165ff7cc1997e9ea67f2e5e855') in 0.012583 seconds 
  Import took 0.016338 seconds .

========================================================================
Received Import Request.
  Time since last request: 265.410207 seconds.
  path: Assets/Distant Forest Assets/Green Forest/ForestPack2.png
  artifactKey: Guid(80b56071c13d4854cb913a323961d9a6) Importer(815301076,1909f56bfc062723c751e8b465ee728b)
Start importing Assets/Distant Forest Assets/Green Forest/ForestPack2.png using Guid(80b56071c13d4854cb913a323961d9a6) Importer(815301076,1909f56bfc062723c751e8b465ee728b)  -> (artifact id: 'dab2b8b18acf10e91e77c69a169f403a') in 0.009125 seconds 
  Import took 0.012936 seconds .

========================================================================
Received Import Request.
  Time since last request: 362.834259 seconds.
  path: Assets/Distant Forest Assets/Green Forest/ForestPack2.png
  artifactKey: Guid(80b56071c13d4854cb913a323961d9a6) Importer(815301076,1909f56bfc062723c751e8b465ee728b)
Start importing Assets/Distant Forest Assets/Green Forest/ForestPack2.png using Guid(80b56071c13d4854cb913a323961d9a6) Importer(815301076,1909f56bfc062723c751e8b465ee728b)  -> (artifact id: '557eb08aae266240ea0a2ce2eb325f6e') in 0.136290 seconds 
  Import took 0.141361 seconds .

========================================================================
Received Import Request.
  Time since last request: 11.019905 seconds.
  path: Assets/Distant Forest Assets/Green Forest/ForestPack1.png
  artifactKey: Guid(705ea5e4e94eb184d8976f1a82a21bcd) Importer(815301076,1909f56bfc062723c751e8b465ee728b)
Start importing Assets/Distant Forest Assets/Green Forest/ForestPack1.png using Guid(705ea5e4e94eb184d8976f1a82a21bcd) Importer(815301076,1909f56bfc062723c751e8b465ee728b)  -> (artifact id: '34faec3b8068e65807430f05155e4422') in 0.010387 seconds 
  Import took 0.013956 seconds .

========================================================================
Received Import Request.
  Time since last request: 23.781330 seconds.
  path: Assets/Distant Forest Assets/Green Forest/ForestPack1.png
  artifactKey: Guid(705ea5e4e94eb184d8976f1a82a21bcd) Importer(815301076,1909f56bfc062723c751e8b465ee728b)
Start importing Assets/Distant Forest Assets/Green Forest/ForestPack1.png using Guid(705ea5e4e94eb184d8976f1a82a21bcd) Importer(815301076,1909f56bfc062723c751e8b465ee728b)  -> (artifact id: '9517a5c6bcbb028849c6e2c65284021d') in 0.105253 seconds 
  Import took 0.109176 seconds .

========================================================================
Received Import Request.
  Time since last request: 192.114031 seconds.
  path: Assets/Sprites/level palette.prefab
  artifactKey: Guid(806a30e2514210745914066f485f3857) Importer(815301076,1909f56bfc062723c751e8b465ee728b)
Start importing Assets/Sprites/level palette.prefab using Guid(806a30e2514210745914066f485f3857) Importer(815301076,1909f56bfc062723c751e8b465ee728b)  -> (artifact id: 'f327a5046e6ec5964a017fd97ca8542d') in 0.035394 seconds 
  Import took 0.039071 seconds .

========================================================================
Received Import Request.
  Time since last request: 10.087383 seconds.
  path: Assets/Sprites/ForestPack1_0.asset
  artifactKey: Guid(8c6f82b795d0f874491d1132444914b1) Importer(815301076,1909f56bfc062723c751e8b465ee728b)
Start importing Assets/Sprites/ForestPack1_0.asset using Guid(8c6f82b795d0f874491d1132444914b1) Importer(815301076,1909f56bfc062723c751e8b465ee728b)  -> (artifact id: '303e778645bb2aa247b9d11f4b264c38') in 0.018292 seconds 
  Import took 0.021928 seconds .

========================================================================
Received Import Request.
  Time since last request: 0.000291 seconds.
  path: Assets/Sprites/ForestPack1_3.asset
  artifactKey: Guid(4872965d493095f4eacb8d7cba4d05b0) Importer(815301076,1909f56bfc062723c751e8b465ee728b)
Start importing Assets/Sprites/ForestPack1_3.asset using Guid(4872965d493095f4eacb8d7cba4d05b0) Importer(815301076,1909f56bfc062723c751e8b465ee728b)  -> (artifact id: '6e888eac6095aa7991f50ec2cb0ff4aa') in 0.009357 seconds 
  Import took 0.012883 seconds .

========================================================================
Received Import Request.
  Time since last request: 0.000197 seconds.
  path: Assets/Sprites/ForestPack1_2.asset
  artifactKey: Guid(b8532602e8f6e1643a2b49971f694055) Importer(815301076,1909f56bfc062723c751e8b465ee728b)
Start importing Assets/Sprites/ForestPack1_2.asset using Guid(b8532602e8f6e1643a2b49971f694055) Importer(815301076,1909f56bfc062723c751e8b465ee728b)  -> (artifact id: '5433eea01c106990becaf76d6cca2ae5') in 0.009760 seconds 
  Import took 0.013067 seconds .

========================================================================
Received Import Request.
  Time since last request: 0.000203 seconds.
  path: Assets/Sprites/ForestPack1_4.asset
  artifactKey: Guid(574168f31b4cc06459d13794f3d37c1d) Importer(815301076,1909f56bfc062723c751e8b465ee728b)
Start importing Assets/Sprites/ForestPack1_4.asset using Guid(574168f31b4cc06459d13794f3d37c1d) Importer(815301076,1909f56bfc062723c751e8b465ee728b)  -> (artifact id: '8e7c34b641ebc9f2f4a84091d0c019a7') in 0.009963 seconds 
  Import took 0.013426 seconds .

========================================================================
Received Import Request.
  Time since last request: 0.000202 seconds.
  path: Assets/Sprites/ForestPack1_1.asset
  artifactKey: Guid(888b3830bd153af43a433b5bc4241d81) Importer(815301076,1909f56bfc062723c751e8b465ee728b)
Start importing Assets/Sprites/ForestPack1_1.asset using Guid(888b3830bd153af43a433b5bc4241d81) Importer(815301076,1909f56bfc062723c751e8b465ee728b)  -> (artifact id: 'f68eee293b760fa72feda8ef92347d0c') in 0.009282 seconds 
  Import took 0.012646 seconds .

========================================================================
Received Import Request.
  Time since last request: 15.815421 seconds.
  path: Assets/Sprites/ForestPack1_5.asset
  artifactKey: Guid(3560fe84d5612804784a59097d8ecd22) Importer(815301076,1909f56bfc062723c751e8b465ee728b)
Start importing Assets/Sprites/ForestPack1_5.asset using Guid(3560fe84d5612804784a59097d8ecd22) Importer(815301076,1909f56bfc062723c751e8b465ee728b)  -> (artifact id: 'b12b37365b92de84f1484b443dbdb55d') in 0.009174 seconds 
  Import took 0.012752 seconds .

========================================================================
Received Import Request.
  Time since last request: 0.000320 seconds.
  path: Assets/Sprites/ForestPack1_26.asset
  artifactKey: Guid(17dd4a2b1435c1e4fb27fdc7d34e5cbe) Importer(815301076,1909f56bfc062723c751e8b465ee728b)
Start importing Assets/Sprites/ForestPack1_26.asset using Guid(17dd4a2b1435c1e4fb27fdc7d34e5cbe) Importer(815301076,1909f56bfc062723c751e8b465ee728b)  -> (artifact id: 'bb584f1925a57b998a6a024600b45528') in 0.008483 seconds 
  Import took 0.011457 seconds .

========================================================================
Received Import Request.
  Time since last request: 0.000193 seconds.
  path: Assets/Sprites/ForestPack1_21.asset
  artifactKey: Guid(a56b0a21d1988c9469c3ab451072d3e7) Importer(815301076,1909f56bfc062723c751e8b465ee728b)
Start importing Assets/Sprites/ForestPack1_21.asset using Guid(a56b0a21d1988c9469c3ab451072d3e7) Importer(815301076,1909f56bfc062723c751e8b465ee728b)  -> (artifact id: '04606587366b7ea80dc7bacd30627df0') in 0.009477 seconds 
  Import took 0.012834 seconds .

========================================================================
Received Import Request.
  Time since last request: 0.000201 seconds.
  path: Assets/Sprites/ForestPack1_15.asset
  artifactKey: Guid(88b60e92b31b45548b64fcd5637ab0fe) Importer(815301076,1909f56bfc062723c751e8b465ee728b)
Start importing Assets/Sprites/ForestPack1_15.asset using Guid(88b60e92b31b45548b64fcd5637ab0fe) Importer(815301076,1909f56bfc062723c751e8b465ee728b)  -> (artifact id: '04af4761ed257c5d0d20ac29849ae66c') in 0.009379 seconds 
  Import took 0.012467 seconds .

========================================================================
Received Import Request.
  Time since last request: 0.000180 seconds.
  path: Assets/Sprites/ForestPack1_34.asset
  artifactKey: Guid(ba4b189582be7c1488025de77427dece) Importer(815301076,1909f56bfc062723c751e8b465ee728b)
Start importing Assets/Sprites/ForestPack1_34.asset using Guid(ba4b189582be7c1488025de77427dece) Importer(815301076,1909f56bfc062723c751e8b465ee728b)  -> (artifact id: 'da8933d280570d7bb0e943337031219b') in 0.009099 seconds 
  Import took 0.011929 seconds .

========================================================================
Received Import Request.
  Time since last request: 0.000207 seconds.
  path: Assets/Sprites/ForestPack1_14.asset
  artifactKey: Guid(f3d703618c91e384fa1e9cc44e3b8f2f) Importer(815301076,1909f56bfc062723c751e8b465ee728b)
Start importing Assets/Sprites/ForestPack1_14.asset using Guid(f3d703618c91e384fa1e9cc44e3b8f2f) Importer(815301076,1909f56bfc062723c751e8b465ee728b)  -> (artifact id: '03c9c2328560b5c687497a09703f11a9') in 0.010059 seconds 
  Import took 0.013428 seconds .

========================================================================
Received Import Request.
  Time since last request: 0.000208 seconds.
  path: Assets/Sprites/ForestPack1_41.asset
  artifactKey: Guid(229367a6bf546c9488607fd5d95bdf51) Importer(815301076,1909f56bfc062723c751e8b465ee728b)
Start importing Assets/Sprites/ForestPack1_41.asset using Guid(229367a6bf546c9488607fd5d95bdf51) Importer(815301076,1909f56bfc062723c751e8b465ee728b)  -> (artifact id: '1537032294869e9796b40bcf46267d5b') in 0.008955 seconds 
  Import took 0.012335 seconds .

========================================================================
Received Import Request.
  Time since last request: 0.000161 seconds.
  path: Assets/Sprites/ForestPack1_44.asset
  artifactKey: Guid(807283c3706e05a4298ea4c44d4eae51) Importer(815301076,1909f56bfc062723c751e8b465ee728b)
Start importing Assets/Sprites/ForestPack1_44.asset using Guid(807283c3706e05a4298ea4c44d4eae51) Importer(815301076,1909f56bfc062723c751e8b465ee728b)  -> (artifact id: '70b8a1f1c5f50cb9edd4920159509575') in 0.009112 seconds 
  Import took 0.012039 seconds .

========================================================================
Received Import Request.
  Time since last request: 0.000216 seconds.
  path: Assets/Sprites/ForestPack1_51.asset
  artifactKey: Guid(92a89a518403d4e49958d37f205a0995) Importer(815301076,1909f56bfc062723c751e8b465ee728b)
Start importing Assets/Sprites/ForestPack1_51.asset using Guid(92a89a518403d4e49958d37f205a0995) Importer(815301076,1909f56bfc062723c751e8b465ee728b)  -> (artifact id: '5b6070b40782437f8bf40f36436a4f1c') in 0.009194 seconds 
  Import took 0.012547 seconds .

========================================================================
Received Import Request.
  Time since last request: 0.000172 seconds.
  path: Assets/Sprites/ForestPack1_43.asset
  artifactKey: Guid(d430ccbb2d4faff4482aecff1118d8fd) Importer(815301076,1909f56bfc062723c751e8b465ee728b)
Start importing Assets/Sprites/ForestPack1_43.asset using Guid(d430ccbb2d4faff4482aecff1118d8fd) Importer(815301076,1909f56bfc062723c751e8b465ee728b)  -> (artifact id: '2f9ecd16d31e2ebb577f124594773d9a') in 0.008864 seconds 
  Import took 0.011766 seconds .

========================================================================
Received Import Request.
  Time since last request: 0.000206 seconds.
  path: Assets/Sprites/ForestPack1_11.asset
  artifactKey: Guid(894362246511ec44a939ccb6a1a67bcf) Importer(815301076,1909f56bfc062723c751e8b465ee728b)
Start importing Assets/Sprites/ForestPack1_11.asset using Guid(894362246511ec44a939ccb6a1a67bcf) Importer(815301076,1909f56bfc062723c751e8b465ee728b)  -> (artifact id: '7e45dd92d4d300f761f77b90d48a1668') in 0.009304 seconds 
  Import took 0.012235 seconds .

========================================================================
Received Import Request.
  Time since last request: 0.000174 seconds.
  path: Assets/Sprites/ForestPack1_13.asset
  artifactKey: Guid(520c892d6a3c29344bd93b81a931a934) Importer(815301076,1909f56bfc062723c751e8b465ee728b)
Start importing Assets/Sprites/ForestPack1_13.asset using Guid(520c892d6a3c29344bd93b81a931a934) Importer(815301076,1909f56bfc062723c751e8b465ee728b)  -> (artifact id: '0510997953fe6fe8561ff0934c26f674') in 0.009582 seconds 
  Import took 0.012549 seconds .

========================================================================
Received Import Request.
  Time since last request: 0.000198 seconds.
  path: Assets/Sprites/ForestPack1_25.asset
  artifactKey: Guid(8529ad8cf77f5164a8c360144c022dbd) Importer(815301076,1909f56bfc062723c751e8b465ee728b)
Start importing Assets/Sprites/ForestPack1_25.asset using Guid(8529ad8cf77f5164a8c360144c022dbd) Importer(815301076,1909f56bfc062723c751e8b465ee728b)  -> (artifact id: '646ccf0e1f083df3bb990716e7b39b97') in 0.008375 seconds 
  Import took 0.011205 seconds .

========================================================================
Received Import Request.
  Time since last request: 0.000188 seconds.
  path: Assets/Sprites/ForestPack1_24.asset
  artifactKey: Guid(89f91f2e4b7da10488ca06390f62dce9) Importer(815301076,1909f56bfc062723c751e8b465ee728b)
Start importing Assets/Sprites/ForestPack1_24.asset using Guid(89f91f2e4b7da10488ca06390f62dce9) Importer(815301076,1909f56bfc062723c751e8b465ee728b)  -> (artifact id: '5bf5ba3e754c00242e98bf24ad44f6c2') in 0.008689 seconds 
  Import took 0.011622 seconds .

========================================================================
Received Import Request.
  Time since last request: 0.000175 seconds.
  path: Assets/Sprites/ForestPack1_7.asset
  artifactKey: Guid(d81db445024d17b49819a6735919d0ec) Importer(815301076,1909f56bfc062723c751e8b465ee728b)
Start importing Assets/Sprites/ForestPack1_7.asset using Guid(d81db445024d17b49819a6735919d0ec) Importer(815301076,1909f56bfc062723c751e8b465ee728b)  -> (artifact id: '498d3ea4e68f8bb8471c32691f6ffa56') in 0.008546 seconds 
  Import took 0.011502 seconds .

========================================================================
Received Import Request.
  Time since last request: 0.000203 seconds.
  path: Assets/Sprites/ForestPack1_36.asset
  artifactKey: Guid(8ddb2176c4b7ff049bb9b16fb38ba56e) Importer(815301076,1909f56bfc062723c751e8b465ee728b)
Start importing Assets/Sprites/ForestPack1_36.asset using Guid(8ddb2176c4b7ff049bb9b16fb38ba56e) Importer(815301076,1909f56bfc062723c751e8b465ee728b)  -> (artifact id: 'a2d373d1b3b711c54cd91849a8963934') in 0.009033 seconds 
  Import took 0.012261 seconds .

========================================================================
Received Import Request.
  Time since last request: 0.000219 seconds.
  path: Assets/Sprites/ForestPack1_29.asset
  artifactKey: Guid(e44f217559621974c9692551ecd57862) Importer(815301076,1909f56bfc062723c751e8b465ee728b)
Start importing Assets/Sprites/ForestPack1_29.asset using Guid(e44f217559621974c9692551ecd57862) Importer(815301076,1909f56bfc062723c751e8b465ee728b)  -> (artifact id: '2b534d0dcb103998f9e2180f8da5dfb7') in 0.008724 seconds 
  Import took 0.012045 seconds .

========================================================================
Received Import Request.
  Time since last request: 0.000198 seconds.
  path: Assets/Sprites/ForestPack1_35.asset
  artifactKey: Guid(302a938902e2ccd49b7a25b507f3416e) Importer(815301076,1909f56bfc062723c751e8b465ee728b)
Start importing Assets/Sprites/ForestPack1_35.asset using Guid(302a938902e2ccd49b7a25b507f3416e) Importer(815301076,1909f56bfc062723c751e8b465ee728b)  -> (artifact id: '46024ae14c2cc131d31ea7279de3f48f') in 0.009465 seconds 
  Import took 0.012759 seconds .

========================================================================
Received Import Request.
  Time since last request: 0.000254 seconds.
  path: Assets/Sprites/ForestPack1_39.asset
  artifactKey: Guid(770da323a0ab0da44abf4b19c740ee97) Importer(815301076,1909f56bfc062723c751e8b465ee728b)
Start importing Assets/Sprites/ForestPack1_39.asset using Guid(770da323a0ab0da44abf4b19c740ee97) Importer(815301076,1909f56bfc062723c751e8b465ee728b)  -> (artifact id: '810e3bbae5790f21b61e383ad0390644') in 0.009528 seconds 
  Import took 0.012940 seconds .

========================================================================
Received Import Request.
  Time since last request: 0.000187 seconds.
  path: Assets/Sprites/ForestPack1_10.asset
  artifactKey: Guid(1bfe0abf1ed4d3940a96197d2505f32e) Importer(815301076,1909f56bfc062723c751e8b465ee728b)
Start importing Assets/Sprites/ForestPack1_10.asset using Guid(1bfe0abf1ed4d3940a96197d2505f32e) Importer(815301076,1909f56bfc062723c751e8b465ee728b)  -> (artifact id: '51838b347670b7fbc0da475eb0579ea0') in 0.009258 seconds 
  Import took 0.012337 seconds .

========================================================================
Received Import Request.
  Time since last request: 0.000225 seconds.
  path: Assets/Sprites/ForestPack1_28.asset
  artifactKey: Guid(5bc634315110bee4098252b718097aa8) Importer(815301076,1909f56bfc062723c751e8b465ee728b)
Start importing Assets/Sprites/ForestPack1_28.asset using Guid(5bc634315110bee4098252b718097aa8) Importer(815301076,1909f56bfc062723c751e8b465ee728b)  -> (artifact id: 'f8c9339880135725cd55adbca0d0fb4d') in 0.009480 seconds 
  Import took 0.012911 seconds .

========================================================================
Received Import Request.
  Time since last request: 0.000232 seconds.
  path: Assets/Sprites/ForestPack1_38.asset
  artifactKey: Guid(8465a327ffa7ce643b204d574cdb6342) Importer(815301076,1909f56bfc062723c751e8b465ee728b)
Start importing Assets/Sprites/ForestPack1_38.asset using Guid(8465a327ffa7ce643b204d574cdb6342) Importer(815301076,1909f56bfc062723c751e8b465ee728b)  -> (artifact id: 'e8e8ab71b79354595bbd699f4e173984') in 0.008911 seconds 
  Import took 0.012495 seconds .

========================================================================
Received Import Request.
  Time since last request: 0.000223 seconds.
  path: Assets/Sprites/ForestPack1_9.asset
  artifactKey: Guid(452c76b6c1d432d4798f0b535594e0dc) Importer(815301076,1909f56bfc062723c751e8b465ee728b)
Start importing Assets/Sprites/ForestPack1_9.asset using Guid(452c76b6c1d432d4798f0b535594e0dc) Importer(815301076,1909f56bfc062723c751e8b465ee728b)  -> (artifact id: '52b5df7552f26e504f46a342c2ae05c9') in 0.008659 seconds 
  Import took 0.011800 seconds .

========================================================================
Received Import Request.
  Time since last request: 0.000185 seconds.
  path: Assets/Sprites/ForestPack1_32.asset
  artifactKey: Guid(e7d5e65ebd31f8543ba2dd6ce9a0d652) Importer(815301076,1909f56bfc062723c751e8b465ee728b)
Start importing Assets/Sprites/ForestPack1_32.asset using Guid(e7d5e65ebd31f8543ba2dd6ce9a0d652) Importer(815301076,1909f56bfc062723c751e8b465ee728b)  -> (artifact id: 'da946631f2ab0e0a9756b2355603a5c5') in 0.009520 seconds 
  Import took 0.012288 seconds .

========================================================================
Received Import Request.
  Time since last request: 0.000225 seconds.
  path: Assets/Sprites/ForestPack1_46.asset
  artifactKey: Guid(c109e1eebb6ba214898910fca3104cff) Importer(815301076,1909f56bfc062723c751e8b465ee728b)
Start importing Assets/Sprites/ForestPack1_46.asset using Guid(c109e1eebb6ba214898910fca3104cff) Importer(815301076,1909f56bfc062723c751e8b465ee728b)  -> (artifact id: 'eb917bbc458e642808fde0a2a2187013') in 0.008645 seconds 
  Import took 0.011950 seconds .

========================================================================
Received Import Request.
  Time since last request: 0.000163 seconds.
  path: Assets/Sprites/ForestPack1_37.asset
  artifactKey: Guid(20e359405d9e6e44e9b0b6b16ecbd019) Importer(815301076,1909f56bfc062723c751e8b465ee728b)
Start importing Assets/Sprites/ForestPack1_37.asset using Guid(20e359405d9e6e44e9b0b6b16ecbd019) Importer(815301076,1909f56bfc062723c751e8b465ee728b)  -> (artifact id: '22457adccd6cceeb4a20ef355c571f26') in 0.009376 seconds 
  Import took 0.012304 seconds .

========================================================================
Received Import Request.
  Time since last request: 0.000220 seconds.
  path: Assets/Sprites/ForestPack1_23.asset
  artifactKey: Guid(e798f4db38e119847b935b2c1addb504) Importer(815301076,1909f56bfc062723c751e8b465ee728b)
Start importing Assets/Sprites/ForestPack1_23.asset using Guid(e798f4db38e119847b935b2c1addb504) Importer(815301076,1909f56bfc062723c751e8b465ee728b)  -> (artifact id: 'f93b4680614aefd7fdf80b5bd041b65b') in 0.008962 seconds 
  Import took 0.012303 seconds .

========================================================================
Received Import Request.
  Time since last request: 0.000190 seconds.
  path: Assets/Sprites/ForestPack1_49.asset
  artifactKey: Guid(aa13eb19041889442be39fbe9c953974) Importer(815301076,1909f56bfc062723c751e8b465ee728b)
Start importing Assets/Sprites/ForestPack1_49.asset using Guid(aa13eb19041889442be39fbe9c953974) Importer(815301076,1909f56bfc062723c751e8b465ee728b)  -> (artifact id: '45f697d22f22ed0b82cc61a3592e430c') in 0.008514 seconds 
  Import took 0.011673 seconds .

========================================================================
Received Import Request.
  Time since last request: 0.000206 seconds.
  path: Assets/Sprites/ForestPack1_40.asset
  artifactKey: Guid(02a1bad780b90984dba6b25995e1016e) Importer(815301076,1909f56bfc062723c751e8b465ee728b)
Start importing Assets/Sprites/ForestPack1_40.asset using Guid(02a1bad780b90984dba6b25995e1016e) Importer(815301076,1909f56bfc062723c751e8b465ee728b)  -> (artifact id: '7ce0fdf50cfcd80a3a57e2391ef2f74a') in 0.009523 seconds 
  Import took 0.012882 seconds .

========================================================================
Received Import Request.
  Time since last request: 0.000225 seconds.
  path: Assets/Sprites/ForestPack1_52.asset
  artifactKey: Guid(9f27aa6ddd52d1c498d8efea1443e459) Importer(815301076,1909f56bfc062723c751e8b465ee728b)
Start importing Assets/Sprites/ForestPack1_52.asset using Guid(9f27aa6ddd52d1c498d8efea1443e459) Importer(815301076,1909f56bfc062723c751e8b465ee728b)  -> (artifact id: '3d5791bbe13a35c16b412ae217911462') in 0.008935 seconds 
  Import took 0.012237 seconds .

========================================================================
Received Import Request.
  Time since last request: 0.000183 seconds.
  path: Assets/Sprites/ForestPack1_31.asset
  artifactKey: Guid(2d26efcf16bfdb94d9afbcb00fe5d38e) Importer(815301076,1909f56bfc062723c751e8b465ee728b)
Start importing Assets/Sprites/ForestPack1_31.asset using Guid(2d26efcf16bfdb94d9afbcb00fe5d38e) Importer(815301076,1909f56bfc062723c751e8b465ee728b)  -> (artifact id: 'f2bcfac4593a88908b4a47ad56070fbd') in 0.008567 seconds 
  Import took 0.011898 seconds .

========================================================================
Received Import Request.
  Time since last request: 0.000210 seconds.
  path: Assets/Sprites/ForestPack1_22.asset
  artifactKey: Guid(6ee865feac94e6f45a02fb335bbd2850) Importer(815301076,1909f56bfc062723c751e8b465ee728b)
Start importing Assets/Sprites/ForestPack1_22.asset using Guid(6ee865feac94e6f45a02fb335bbd2850) Importer(815301076,1909f56bfc062723c751e8b465ee728b)  -> (artifact id: 'cef8d6a660e43970b4570e489d9fc6af') in 0.008870 seconds 
  Import took 0.012233 seconds .

========================================================================
Received Import Request.
  Time since last request: 0.000215 seconds.
  path: Assets/Sprites/ForestPack1_6.asset
  artifactKey: Guid(48f0edbd63392af4488c987059aaf382) Importer(815301076,1909f56bfc062723c751e8b465ee728b)
Start importing Assets/Sprites/ForestPack1_6.asset using Guid(48f0edbd63392af4488c987059aaf382) Importer(815301076,1909f56bfc062723c751e8b465ee728b)  -> (artifact id: '2ac5fcdd0fff7aaebc1c6b19930232dc') in 0.008603 seconds 
  Import took 0.011906 seconds .

========================================================================
Received Import Request.
  Time since last request: 0.000184 seconds.
  path: Assets/Sprites/ForestPack1_27.asset
  artifactKey: Guid(65acb4ffda877c94f87613aa9d419d1e) Importer(815301076,1909f56bfc062723c751e8b465ee728b)
Start importing Assets/Sprites/ForestPack1_27.asset using Guid(65acb4ffda877c94f87613aa9d419d1e) Importer(815301076,1909f56bfc062723c751e8b465ee728b)  -> (artifact id: 'db1f4ec5d48b6c0c01d96bff73bb6d2b') in 0.008438 seconds 
  Import took 0.011401 seconds .

========================================================================
Received Import Request.
  Time since last request: 0.000219 seconds.
  path: Assets/Sprites/ForestPack1_19.asset
  artifactKey: Guid(3bfcfa96f9f468749aa6705d2ae036be) Importer(815301076,1909f56bfc062723c751e8b465ee728b)
Start importing Assets/Sprites/ForestPack1_19.asset using Guid(3bfcfa96f9f468749aa6705d2ae036be) Importer(815301076,1909f56bfc062723c751e8b465ee728b)  -> (artifact id: '23cd0a5b0e68349ab93757d022e2874f') in 0.008823 seconds 
  Import took 0.011753 seconds .

========================================================================
Received Import Request.
  Time since last request: 0.000172 seconds.
  path: Assets/Sprites/ForestPack1_8.asset
  artifactKey: Guid(55da9f0eb2425d5428639cee262d9a68) Importer(815301076,1909f56bfc062723c751e8b465ee728b)
Start importing Assets/Sprites/ForestPack1_8.asset using Guid(55da9f0eb2425d5428639cee262d9a68) Importer(815301076,1909f56bfc062723c751e8b465ee728b)  -> (artifact id: 'ebd1c5dbb3273b5ca040990fc01d8df5') in 0.009314 seconds 
  Import took 0.012255 seconds .

========================================================================
Received Import Request.
  Time since last request: 0.000207 seconds.
  path: Assets/Sprites/ForestPack1_16.asset
  artifactKey: Guid(2c829dd3cd450d7448b5734452dc60fb) Importer(815301076,1909f56bfc062723c751e8b465ee728b)
Start importing Assets/Sprites/ForestPack1_16.asset using Guid(2c829dd3cd450d7448b5734452dc60fb) Importer(815301076,1909f56bfc062723c751e8b465ee728b)  -> (artifact id: 'f6adebedc1137182e22199b0c56255ae') in 0.008844 seconds 
  Import took 0.012249 seconds .

========================================================================
Received Import Request.
  Time since last request: 0.000178 seconds.
  path: Assets/Sprites/ForestPack1_30.asset
  artifactKey: Guid(8ff25629a54e67b4aaa4d9ec12831561) Importer(815301076,1909f56bfc062723c751e8b465ee728b)
Start importing Assets/Sprites/ForestPack1_30.asset using Guid(8ff25629a54e67b4aaa4d9ec12831561) Importer(815301076,1909f56bfc062723c751e8b465ee728b)  -> (artifact id: '4da624f24284aa64ab66ac3d1ba45c5a') in 0.008663 seconds 
  Import took 0.012011 seconds .

========================================================================
Received Import Request.
  Time since last request: 0.000190 seconds.
  path: Assets/Sprites/ForestPack1_47.asset
  artifactKey: Guid(b4f18887e3481c14f886ab0023f2ccf2) Importer(815301076,1909f56bfc062723c751e8b465ee728b)
Start importing Assets/Sprites/ForestPack1_47.asset using Guid(b4f18887e3481c14f886ab0023f2ccf2) Importer(815301076,1909f56bfc062723c751e8b465ee728b)  -> (artifact id: 'c9fd378745f6d0a57332fd9a44de51fa') in 0.009325 seconds 
  Import took 0.012429 seconds .

========================================================================
Received Import Request.
  Time since last request: 0.000210 seconds.
  path: Assets/Sprites/ForestPack1_48.asset
  artifactKey: Guid(e429d4dd6e97d904699bc53387ab12b9) Importer(815301076,1909f56bfc062723c751e8b465ee728b)
Start importing Assets/Sprites/ForestPack1_48.asset using Guid(e429d4dd6e97d904699bc53387ab12b9) Importer(815301076,1909f56bfc062723c751e8b465ee728b)  -> (artifact id: '7f75b65c63b1bdfda1106764de837237') in 0.008681 seconds 
  Import took 0.011673 seconds .

========================================================================
Received Import Request.
  Time since last request: 0.000169 seconds.
  path: Assets/Sprites/ForestPack1_50.asset
  artifactKey: Guid(898b7eac95ce8a34d8455d77d990897b) Importer(815301076,1909f56bfc062723c751e8b465ee728b)
Start importing Assets/Sprites/ForestPack1_50.asset using Guid(898b7eac95ce8a34d8455d77d990897b) Importer(815301076,1909f56bfc062723c751e8b465ee728b)  -> (artifact id: 'd72fd05a2dcb634a603bf4dbaa375f3d') in 0.008928 seconds 
  Import took 0.011792 seconds .

========================================================================
Received Import Request.
  Time since last request: 0.000236 seconds.
  path: Assets/Sprites/ForestPack1_12.asset
  artifactKey: Guid(d05e48853a210134594a5a0e1cefd4fd) Importer(815301076,1909f56bfc062723c751e8b465ee728b)
Start importing Assets/Sprites/ForestPack1_12.asset using Guid(d05e48853a210134594a5a0e1cefd4fd) Importer(815301076,1909f56bfc062723c751e8b465ee728b)  -> (artifact id: '825a65e47b7dc151f685c9718bade260') in 0.009159 seconds 
  Import took 0.012715 seconds .

========================================================================
Received Import Request.
  Time since last request: 0.000209 seconds.
  path: Assets/Sprites/ForestPack1_42.asset
  artifactKey: Guid(57b0e0a43cb9bc2429ad2f33b72cd5d3) Importer(815301076,1909f56bfc062723c751e8b465ee728b)
Start importing Assets/Sprites/ForestPack1_42.asset using Guid(57b0e0a43cb9bc2429ad2f33b72cd5d3) Importer(815301076,1909f56bfc062723c751e8b465ee728b)  -> (artifact id: '4f326c080ecb8be45014c9ad23788c43') in 0.008326 seconds 
  Import took 0.011625 seconds .

========================================================================
Received Import Request.
  Time since last request: 0.000260 seconds.
  path: Assets/Sprites/ForestPack1_18.asset
  artifactKey: Guid(e670ed0c2cace6e4bafa6990f74c8fd5) Importer(815301076,1909f56bfc062723c751e8b465ee728b)
Start importing Assets/Sprites/ForestPack1_18.asset using Guid(e670ed0c2cace6e4bafa6990f74c8fd5) Importer(815301076,1909f56bfc062723c751e8b465ee728b)  -> (artifact id: 'bc8ad19e6c396a061ab204d35e5f9daa') in 0.008919 seconds 
  Import took 0.012344 seconds .

========================================================================
Received Import Request.
  Time since last request: 0.000171 seconds.
  path: Assets/Sprites/ForestPack1_17.asset
  artifactKey: Guid(5f7f18ab8743cd24f9fe447b9a09f884) Importer(815301076,1909f56bfc062723c751e8b465ee728b)
Start importing Assets/Sprites/ForestPack1_17.asset using Guid(5f7f18ab8743cd24f9fe447b9a09f884) Importer(815301076,1909f56bfc062723c751e8b465ee728b)  -> (artifact id: '9050e266503c0b9785fc7ebc1633de8a') in 0.009129 seconds 
  Import took 0.012258 seconds .

========================================================================
Received Import Request.
  Time since last request: 0.000197 seconds.
  path: Assets/Sprites/ForestPack1_20.asset
  artifactKey: Guid(339925b9c98b8414793de45378401814) Importer(815301076,1909f56bfc062723c751e8b465ee728b)
Start importing Assets/Sprites/ForestPack1_20.asset using Guid(339925b9c98b8414793de45378401814) Importer(815301076,1909f56bfc062723c751e8b465ee728b)  -> (artifact id: '01dc466483bf1b5df81a0ad1aaa2692c') in 0.009269 seconds 
  Import took 0.012243 seconds .

========================================================================
Received Import Request.
  Time since last request: 0.000165 seconds.
  path: Assets/Sprites/ForestPack1_45.asset
  artifactKey: Guid(f8e4885a03c146144a7fa00bd214a77d) Importer(815301076,1909f56bfc062723c751e8b465ee728b)
Start importing Assets/Sprites/ForestPack1_45.asset using Guid(f8e4885a03c146144a7fa00bd214a77d) Importer(815301076,1909f56bfc062723c751e8b465ee728b)  -> (artifact id: '6340ab348da11c9015a4cdb003d43ac9') in 0.008313 seconds 
  Import took 0.011428 seconds .

========================================================================
Received Import Request.
  Time since last request: 0.000206 seconds.
  path: Assets/Sprites/ForestPack1_33.asset
  artifactKey: Guid(43c64999658a50944b3bc88bf47c4009) Importer(815301076,1909f56bfc062723c751e8b465ee728b)
Start importing Assets/Sprites/ForestPack1_33.asset using Guid(43c64999658a50944b3bc88bf47c4009) Importer(815301076,1909f56bfc062723c751e8b465ee728b)  -> (artifact id: 'bd572719599c3c8eed17c60e0b8af8ee') in 0.009422 seconds 
  Import took 0.012780 seconds .

========================================================================
Received Import Request.
  Time since last request: 0.000238 seconds.
  path: Assets/Sprites/ForestPack1_53.asset
  artifactKey: Guid(f164c0db254d98a4c84922bedaef33a3) Importer(815301076,1909f56bfc062723c751e8b465ee728b)
Start importing Assets/Sprites/ForestPack1_53.asset using Guid(f164c0db254d98a4c84922bedaef33a3) Importer(815301076,1909f56bfc062723c751e8b465ee728b)  -> (artifact id: 'a3d7a32becb30100f4de8cf2f23e50b7') in 0.009649 seconds 
  Import took 0.013008 seconds .

========================================================================
Received Import Request.
  Time since last request: 1.516861 seconds.
  path: Assets/Sprites/ForestPack1_54.asset
  artifactKey: Guid(40663ef872c84de4ebe11e56fa0db593) Importer(815301076,1909f56bfc062723c751e8b465ee728b)
Start importing Assets/Sprites/ForestPack1_54.asset using Guid(40663ef872c84de4ebe11e56fa0db593) Importer(815301076,1909f56bfc062723c751e8b465ee728b)  -> (artifact id: '59240f6ec59394f2ab8fcc2a6d3bfdd5') in 0.008348 seconds 
  Import took 0.011732 seconds .

========================================================================
Received Import Request.
  Time since last request: 0.000178 seconds.
  path: Assets/Sprites/ForestPack1_57.asset
  artifactKey: Guid(3061623f80b9ac24e93de0e2e4d17141) Importer(815301076,1909f56bfc062723c751e8b465ee728b)
Start importing Assets/Sprites/ForestPack1_57.asset using Guid(3061623f80b9ac24e93de0e2e4d17141) Importer(815301076,1909f56bfc062723c751e8b465ee728b)  -> (artifact id: '9f76e07063d3946e8cf1cd12fa58a7a6') in 0.009208 seconds 
  Import took 0.012059 seconds .

========================================================================
Received Import Request.
  Time since last request: 0.000194 seconds.
  path: Assets/Sprites/ForestPack1_55.asset
  artifactKey: Guid(8da3df03afe7d4c4c95562d7f41d17d0) Importer(815301076,1909f56bfc062723c751e8b465ee728b)
Start importing Assets/Sprites/ForestPack1_55.asset using Guid(8da3df03afe7d4c4c95562d7f41d17d0) Importer(815301076,1909f56bfc062723c751e8b465ee728b)  -> (artifact id: 'c9e30f32feeb576d39e578a6e8c5bce1') in 0.009923 seconds 
  Import took 0.012739 seconds .

========================================================================
Received Import Request.
  Time since last request: 0.000179 seconds.
  path: Assets/Sprites/ForestPack1_59.asset
  artifactKey: Guid(4c3cb78b46c2fbe4bb6ed8f3c48c265c) Importer(815301076,1909f56bfc062723c751e8b465ee728b)
Start importing Assets/Sprites/ForestPack1_59.asset using Guid(4c3cb78b46c2fbe4bb6ed8f3c48c265c) Importer(815301076,1909f56bfc062723c751e8b465ee728b)  -> (artifact id: 'cfe320bb585fc4ee7246bb1fc58d3ae6') in 0.009314 seconds 
  Import took 0.012199 seconds .

========================================================================
Received Import Request.
  Time since last request: 0.000202 seconds.
  path: Assets/Sprites/ForestPack1_56.asset
  artifactKey: Guid(6f492733b80742d4fa1570ea903a63a7) Importer(815301076,1909f56bfc062723c751e8b465ee728b)
Start importing Assets/Sprites/ForestPack1_56.asset using Guid(6f492733b80742d4fa1570ea903a63a7) Importer(815301076,1909f56bfc062723c751e8b465ee728b)  -> (artifact id: '270ba5c2dd492e6b9b150474e5a34b44') in 0.009419 seconds 
  Import took 0.012876 seconds .

========================================================================
Received Import Request.
  Time since last request: 0.000174 seconds.
  path: Assets/Sprites/ForestPack1_61.asset
  artifactKey: Guid(026ae159a2c1b3a4aa5ebcda741256d9) Importer(815301076,1909f56bfc062723c751e8b465ee728b)
Start importing Assets/Sprites/ForestPack1_61.asset using Guid(026ae159a2c1b3a4aa5ebcda741256d9) Importer(815301076,1909f56bfc062723c751e8b465ee728b)  -> (artifact id: 'aeca0ac178e814e7554788138d931f33') in 0.008788 seconds 
  Import took 0.011840 seconds .

========================================================================
Received Import Request.
  Time since last request: 0.000353 seconds.
  path: Assets/Sprites/ForestPack1_64.asset
  artifactKey: Guid(6e72ef2df03dcdb43b894292d963a057) Importer(815301076,1909f56bfc062723c751e8b465ee728b)
Start importing Assets/Sprites/ForestPack1_64.asset using Guid(6e72ef2df03dcdb43b894292d963a057) Importer(815301076,1909f56bfc062723c751e8b465ee728b)  -> (artifact id: 'c2e9c374f8da323050bb0e301f4fade3') in 0.009174 seconds 
  Import took 0.012731 seconds .

========================================================================
Received Import Request.
  Time since last request: 0.000187 seconds.
  path: Assets/Sprites/ForestPack1_60.asset
  artifactKey: Guid(ff769cc0ec077414aaca082d1eab5777) Importer(815301076,1909f56bfc062723c751e8b465ee728b)
Start importing Assets/Sprites/ForestPack1_60.asset using Guid(ff769cc0ec077414aaca082d1eab5777) Importer(815301076,1909f56bfc062723c751e8b465ee728b)  -> (artifact id: '8989748ff56b00e31bdec32db8a7ef38') in 0.009232 seconds 
  Import took 0.012453 seconds .

========================================================================
Received Import Request.
  Time since last request: 0.000213 seconds.
  path: Assets/Sprites/ForestPack1_66.asset
  artifactKey: Guid(9e05ae01dee9dc84f95e9bdef4ad9e4c) Importer(815301076,1909f56bfc062723c751e8b465ee728b)
Start importing Assets/Sprites/ForestPack1_66.asset using Guid(9e05ae01dee9dc84f95e9bdef4ad9e4c) Importer(815301076,1909f56bfc062723c751e8b465ee728b)  -> (artifact id: '1c587e5dbf7c66625d0569f81ff7d799') in 0.009725 seconds 
  Import took 0.013096 seconds .

========================================================================
Received Import Request.
  Time since last request: 0.000208 seconds.
  path: Assets/Sprites/ForestPack1_63.asset
  artifactKey: Guid(2d13f9f5a27b35044873f904b86dca3d) Importer(815301076,1909f56bfc062723c751e8b465ee728b)
Start importing Assets/Sprites/ForestPack1_63.asset using Guid(2d13f9f5a27b35044873f904b86dca3d) Importer(815301076,1909f56bfc062723c751e8b465ee728b)  -> (artifact id: '3264913a98cc95448b29cf53f262c562') in 0.008420 seconds 
  Import took 0.011473 seconds .

========================================================================
Received Import Request.
  Time since last request: 0.000227 seconds.
  path: Assets/Sprites/ForestPack1_62.asset
  artifactKey: Guid(828fa9cc6f58cbc44842b3263f80304e) Importer(815301076,1909f56bfc062723c751e8b465ee728b)
Start importing Assets/Sprites/ForestPack1_62.asset using Guid(828fa9cc6f58cbc44842b3263f80304e) Importer(815301076,1909f56bfc062723c751e8b465ee728b)  -> (artifact id: 'e98dc976f74390fb28b3163d208856da') in 0.009021 seconds 
  Import took 0.012247 seconds .

========================================================================
Received Import Request.
  Time since last request: 0.000204 seconds.
  path: Assets/Sprites/ForestPack1_65.asset
  artifactKey: Guid(a4ebf85d0806af742b93d51ef0b8863a) Importer(815301076,1909f56bfc062723c751e8b465ee728b)
Start importing Assets/Sprites/ForestPack1_65.asset using Guid(a4ebf85d0806af742b93d51ef0b8863a) Importer(815301076,1909f56bfc062723c751e8b465ee728b)  -> (artifact id: '2aff939477cb7227fe53ccba231e4b59') in 0.008476 seconds 
  Import took 0.011547 seconds .

========================================================================
Received Import Request.
  Time since last request: 0.000178 seconds.
  path: Assets/Sprites/level palette.prefab
  artifactKey: Guid(806a30e2514210745914066f485f3857) Importer(815301076,1909f56bfc062723c751e8b465ee728b)
Start importing Assets/Sprites/level palette.prefab using Guid(806a30e2514210745914066f485f3857) Importer(815301076,1909f56bfc062723c751e8b465ee728b)  -> (artifact id: '72e570965321fff08d63ca25b8377cd5') in 0.026717 seconds 
  Import took 0.030424 seconds .

========================================================================
Received Import Request.
  Time since last request: 0.000179 seconds.
  path: Assets/Sprites/ForestPack1_58.asset
  artifactKey: Guid(a50ac0f98d47438489fe19fa7a3c6563) Importer(815301076,1909f56bfc062723c751e8b465ee728b)
Start importing Assets/Sprites/ForestPack1_58.asset using Guid(a50ac0f98d47438489fe19fa7a3c6563) Importer(815301076,1909f56bfc062723c751e8b465ee728b)  -> (artifact id: '8db1c0eae4ba5953272219237e6402d5') in 0.008637 seconds 
  Import took 0.011809 seconds .

========================================================================
Received Import Request.
  Time since last request: 9.962776 seconds.
  path: Assets/Tiles
  artifactKey: Guid(e792f5dd432db014288c4e732906169c) Importer(815301076,1909f56bfc062723c751e8b465ee728b)
Start importing Assets/Tiles using Guid(e792f5dd432db014288c4e732906169c) Importer(815301076,1909f56bfc062723c751e8b465ee728b)  -> (artifact id: '10345225033b1c655b38cbf408b13ccb') in 0.005729 seconds 
  Import took 0.009523 seconds .

========================================================================
Received Import Request.
  Time since last request: 23.689780 seconds.
  path: Assets/Sprites/level palette.prefab
  artifactKey: Guid(806a30e2514210745914066f485f3857) Importer(815301076,1909f56bfc062723c751e8b465ee728b)
Start importing Assets/Sprites/level palette.prefab using Guid(806a30e2514210745914066f485f3857) Importer(815301076,1909f56bfc062723c751e8b465ee728b)  -> (artifact id: 'e822c7dde8a857db76f73aa2a914a58c') in 0.007504 seconds 
  Import took 0.010820 seconds .

========================================================================
Received Import Request.
  Time since last request: 14.425731 seconds.
  path: Assets/Sprites/level palette.prefab
  artifactKey: Guid(806a30e2514210745914066f485f3857) Importer(815301076,1909f56bfc062723c751e8b465ee728b)
Start importing Assets/Sprites/level palette.prefab using Guid(806a30e2514210745914066f485f3857) Importer(815301076,1909f56bfc062723c751e8b465ee728b)  -> (artifact id: 'd07b4edfe66309addd1dabe43d761b7d') in 0.026453 seconds 
  Import took 0.030872 seconds .

AssetImportWorkerClient::OnTransportError - code=2 error=End of file
