Using pre-set license
Built from '2021.1/release' branch; Version is '2021.1.4f1 (4cd64a618c1b) revision 5035594'; Using compiler version '192528614'; Build Type 'Release'
OS: 'Windows 10 Home; OS build 25120.1010; Version 2009; 64bit' Language: 'en' Physical Memory: 16305 MB
BatchMode: 1, IsHumanControllingUs: 0, StartBugReporterOnCrash: 0, Is64bit: 1, IsPro: 0

 COMMAND LINE ARGUMENTS:
C:\Program Files\Unity\Hub\Editor\2021.1.4f1\Editor\Unity.exe
-adb2
-batchMode
-noUpm
-name
AssetImportWorker0
-projectPath
C:/Users/mattn/Desktop/GameJam/GameJam
-logFile
Logs/AssetImportWorker0.log
-srvPort
57835
Successfully changed project path to: C:/Users/mattn/Desktop/GameJam/GameJam
C:/Users/mattn/Desktop/GameJam/GameJam
Using Asset Import Pipeline V2.
Refreshing native plugins compatible for Editor in 36.74 ms, found 3 plugins.
Preloading 0 native plugins for Editor in 0.00 ms.
Initialize engine version: 2021.1.4f1 (4cd64a618c1b)
[Subsystems] Discovering subsystems at path C:/Program Files/Unity/Hub/Editor/2021.1.4f1/Editor/Data/Resources/UnitySubsystems
[Subsystems] Discovering subsystems at path C:/Users/mattn/Desktop/GameJam/GameJam/Assets
GfxDevice: creating device client; threaded=0; jobified=0
Direct3D:
    Version:  Direct3D 11.0 [level 11.1]
    Renderer: AMD Radeon RX 5600 XT (ID=0x731f)
    Vendor:   ATI
    VRAM:     6103 MB
    Driver:   30.0.21001.1004
Initialize mono
Mono path[0] = 'C:/Program Files/Unity/Hub/Editor/2021.1.4f1/Editor/Data/Managed'
Mono path[1] = 'C:/Program Files/Unity/Hub/Editor/2021.1.4f1/Editor/Data/MonoBleedingEdge/lib/mono/unityjit'
Mono config path = 'C:/Program Files/Unity/Hub/Editor/2021.1.4f1/Editor/Data/MonoBleedingEdge/etc'
Using monoOptions --debugger-agent=transport=dt_socket,embedding=1,server=y,suspend=n,address=127.0.0.1:56000
Begin MonoManager ReloadAssembly
Registering precompiled unity dll's ...
Register platform support module: C:/Program Files/Unity/Hub/Editor/2021.1.4f1/Editor/Data/PlaybackEngines/WebGLSupport/UnityEditor.WebGL.Extensions.dll
Register platform support module: C:/Program Files/Unity/Hub/Editor/2021.1.4f1/Editor/Data/PlaybackEngines/WindowsStandaloneSupport/UnityEditor.WindowsStandalone.Extensions.dll
Registered in 0.001586 seconds.
Native extension for WindowsStandalone target not found
Native extension for WebGL target not found
Refreshing native plugins compatible for Editor in 37.93 ms, found 3 plugins.
Preloading 0 native plugins for Editor in 0.00 ms.
Mono: successfully reloaded assembly
- Completed reload, in  1.904 seconds
Platform modules already initialized, skipping
Registering precompiled user dll's ...
Registered in 0.003322 seconds.
Begin MonoManager ReloadAssembly
Native extension for WindowsStandalone target not found
Native extension for WebGL target not found
Refreshing native plugins compatible for Editor in 38.29 ms, found 3 plugins.
Preloading 0 native plugins for Editor in 0.00 ms.
Mono: successfully reloaded assembly
- Completed reload, in  0.968 seconds
Platform modules already initialized, skipping
========================================================================
Worker process is ready to serve import requests
Launched and connected shader compiler UnityShaderCompiler.exe after 0.03 seconds
Refreshing native plugins compatible for Editor in 0.55 ms, found 3 plugins.
Preloading 0 native plugins for Editor in 0.00 ms.
Unloading 2223 Unused Serialized files (Serialized files now loaded: 0)
System memory in use before: 98.0 MB.
System memory in use after: 98.1 MB.

Unloading 29 unused Assets to reduce memory usage. Loaded Objects now: 2675.
Total: 2.221200 ms (FindLiveObjects: 0.198700 ms CreateObjectMapping: 0.051400 ms MarkObjects: 1.919600 ms  DeleteObjects: 0.050700 ms)

========================================================================
Received Import Request.
  path: Assets/Sprites/level tiles/test3.png
  artifactKey: Guid(3fb8d3254551fdb4b8b7c54de8e266b4) Importer(815301076,1909f56bfc062723c751e8b465ee728b)
Start importing Assets/Sprites/level tiles/test3.png using Guid(3fb8d3254551fdb4b8b7c54de8e266b4) Importer(815301076,1909f56bfc062723c751e8b465ee728b)  -> (artifact id: 'e481465406a4f66620f96d615ce2aff1') in 0.106426 seconds 
========================================================================
Received Import Request.
  Time since last request: 23.900820 seconds.
  path: Assets/Sprites/level tiles/test3.png
  artifactKey: Guid(3fb8d3254551fdb4b8b7c54de8e266b4) Importer(815301076,1909f56bfc062723c751e8b465ee728b)
Start importing Assets/Sprites/level tiles/test3.png using Guid(3fb8d3254551fdb4b8b7c54de8e266b4) Importer(815301076,1909f56bfc062723c751e8b465ee728b)  -> (artifact id: '908cbf3e5ac25adcdbba0c6a54f7a984') in 0.010950 seconds 
========================================================================
Received Import Request.
  Time since last request: 14.700856 seconds.
  path: Assets/Sprites/level tiles/test3.asset
  artifactKey: Guid(a00a0f53389264248926b72aabda4b7b) Importer(815301076,1909f56bfc062723c751e8b465ee728b)
Start importing Assets/Sprites/level tiles/test3.asset using Guid(a00a0f53389264248926b72aabda4b7b) Importer(815301076,1909f56bfc062723c751e8b465ee728b)  -> (artifact id: 'aafb802986ff734013896474352f5d2d') in 0.020314 seconds 
========================================================================
Received Prepare
Registering precompiled user dll's ...
Registered in 0.003649 seconds.
Begin MonoManager ReloadAssembly
Native extension for WindowsStandalone target not found
Native extension for WebGL target not found
Refreshing native plugins compatible for Editor in 0.65 ms, found 3 plugins.
Preloading 0 native plugins for Editor in 0.00 ms.
Mono: successfully reloaded assembly
- Completed reload, in  0.909 seconds
Platform modules already initialized, skipping
Refreshing native plugins compatible for Editor in 0.57 ms, found 3 plugins.
Preloading 0 native plugins for Editor in 0.00 ms.
Unloading 2214 Unused Serialized files (Serialized files now loaded: 0)
System memory in use before: 102.1 MB.
System memory in use after: 102.2 MB.

Unloading 17 unused Assets to reduce memory usage. Loaded Objects now: 2715.
Total: 2.752300 ms (FindLiveObjects: 0.258700 ms CreateObjectMapping: 0.052000 ms MarkObjects: 2.420400 ms  DeleteObjects: 0.019800 ms)

========================================================================
Received Prepare
Registering precompiled user dll's ...
Registered in 0.003371 seconds.
Begin MonoManager ReloadAssembly
Native extension for WindowsStandalone target not found
Native extension for WebGL target not found
Refreshing native plugins compatible for Editor in 0.56 ms, found 3 plugins.
Preloading 0 native plugins for Editor in 0.00 ms.
Mono: successfully reloaded assembly
- Completed reload, in  0.894 seconds
Platform modules already initialized, skipping
Refreshing native plugins compatible for Editor in 0.56 ms, found 3 plugins.
Preloading 0 native plugins for Editor in 0.00 ms.
Unloading 2213 Unused Serialized files (Serialized files now loaded: 0)
System memory in use before: 102.2 MB.
System memory in use after: 102.3 MB.

Unloading 17 unused Assets to reduce memory usage. Loaded Objects now: 2718.
Total: 2.263300 ms (FindLiveObjects: 0.230500 ms CreateObjectMapping: 0.050900 ms MarkObjects: 1.966900 ms  DeleteObjects: 0.014100 ms)

========================================================================
Received Prepare
Registering precompiled user dll's ...
Registered in 0.003410 seconds.
Begin MonoManager ReloadAssembly
Native extension for WindowsStandalone target not found
Native extension for WebGL target not found
Refreshing native plugins compatible for Editor in 0.56 ms, found 3 plugins.
Preloading 0 native plugins for Editor in 0.00 ms.
Mono: successfully reloaded assembly
- Completed reload, in  0.892 seconds
Platform modules already initialized, skipping
Refreshing native plugins compatible for Editor in 0.58 ms, found 3 plugins.
Preloading 0 native plugins for Editor in 0.00 ms.
Unloading 2213 Unused Serialized files (Serialized files now loaded: 0)
System memory in use before: 102.2 MB.
System memory in use after: 102.3 MB.

Unloading 17 unused Assets to reduce memory usage. Loaded Objects now: 2721.
Total: 2.267000 ms (FindLiveObjects: 0.222200 ms CreateObjectMapping: 0.052200 ms MarkObjects: 1.977900 ms  DeleteObjects: 0.013700 ms)

========================================================================
Received Import Request.
  Time since last request: 233.108219 seconds.
  path: Assets/Sprites/level tiles/Platform.png
  artifactKey: Guid(dfd3944808a9ae34ead90ec68332a8b5) Importer(815301076,1909f56bfc062723c751e8b465ee728b)
Start importing Assets/Sprites/level tiles/Platform.png using Guid(dfd3944808a9ae34ead90ec68332a8b5) Importer(815301076,1909f56bfc062723c751e8b465ee728b)  -> (artifact id: '8ee73135db513ee7cbfbc984319c0d9e') in 0.046534 seconds 
========================================================================
Received Import Request.
  Time since last request: 7.433877 seconds.
  path: Assets/Sprites/level tiles/Platform.png
  artifactKey: Guid(dfd3944808a9ae34ead90ec68332a8b5) Importer(815301076,1909f56bfc062723c751e8b465ee728b)
Start importing Assets/Sprites/level tiles/Platform.png using Guid(dfd3944808a9ae34ead90ec68332a8b5) Importer(815301076,1909f56bfc062723c751e8b465ee728b)  -> (artifact id: '34802f00eab9b0b75e581903ed82d80a') in 0.007829 seconds 
========================================================================
Received Import Request.
  Time since last request: 16.734264 seconds.
  path: Assets/Sprites/level tiles/Platform.png
  artifactKey: Guid(dfd3944808a9ae34ead90ec68332a8b5) Importer(815301076,1909f56bfc062723c751e8b465ee728b)
Start importing Assets/Sprites/level tiles/Platform.png using Guid(dfd3944808a9ae34ead90ec68332a8b5) Importer(815301076,1909f56bfc062723c751e8b465ee728b)  -> (artifact id: '45ce5cfb0fb72a7b644bed5c299cfdfc') in 0.007787 seconds 
========================================================================
Received Import Request.
  Time since last request: 840.948100 seconds.
  path: Assets/Sprites/level tiles/Platform.png
  artifactKey: Guid(dfd3944808a9ae34ead90ec68332a8b5) Importer(815301076,1909f56bfc062723c751e8b465ee728b)
Start importing Assets/Sprites/level tiles/Platform.png using Guid(dfd3944808a9ae34ead90ec68332a8b5) Importer(815301076,1909f56bfc062723c751e8b465ee728b)  -> (artifact id: '301786f9865683de295bd4af2ca0ad28') in 0.013014 seconds 
========================================================================
Received Import Request.
  Time since last request: 8.469257 seconds.
  path: Assets/Sprites/level tiles/Test2.png
  artifactKey: Guid(0245f94df988c62429a3fdddebe198da) Importer(815301076,1909f56bfc062723c751e8b465ee728b)
Start importing Assets/Sprites/level tiles/Test2.png using Guid(0245f94df988c62429a3fdddebe198da) Importer(815301076,1909f56bfc062723c751e8b465ee728b)  -> (artifact id: 'a65d5bf3082f7b32621f2d9353017ff3') in 0.013485 seconds 
========================================================================
Received Import Request.
  Time since last request: 4.839065 seconds.
  path: Assets/Sprites/level tiles/test3.png
  artifactKey: Guid(3fb8d3254551fdb4b8b7c54de8e266b4) Importer(815301076,1909f56bfc062723c751e8b465ee728b)
Start importing Assets/Sprites/level tiles/test3.png using Guid(3fb8d3254551fdb4b8b7c54de8e266b4) Importer(815301076,1909f56bfc062723c751e8b465ee728b)  -> (artifact id: 'f21caa8aafd7f94a9c6c79a86f5e0d3a') in 0.012077 seconds 
========================================================================
Received Import Request.
  Time since last request: 153.344153 seconds.
  path: Assets/Sprites/level tiles/test3.png
  artifactKey: Guid(3fb8d3254551fdb4b8b7c54de8e266b4) Importer(815301076,1909f56bfc062723c751e8b465ee728b)
Start importing Assets/Sprites/level tiles/test3.png using Guid(3fb8d3254551fdb4b8b7c54de8e266b4) Importer(815301076,1909f56bfc062723c751e8b465ee728b)  -> (artifact id: 'b524faad82e8214873c87ea642f93656') in 0.009653 seconds 
========================================================================
Received Import Request.
  Time since last request: 26.342412 seconds.
  path: Assets/Sprites/level tiles/Platform.png
  artifactKey: Guid(dfd3944808a9ae34ead90ec68332a8b5) Importer(815301076,1909f56bfc062723c751e8b465ee728b)
Start importing Assets/Sprites/level tiles/Platform.png using Guid(dfd3944808a9ae34ead90ec68332a8b5) Importer(815301076,1909f56bfc062723c751e8b465ee728b)  -> (artifact id: '81cb92ef4eae395f56ccb0221eaad817') in 0.009900 seconds 
========================================================================
Received Import Request.
  Time since last request: 0.000197 seconds.
  path: Assets/Sprites/level tiles/Test2.png
  artifactKey: Guid(0245f94df988c62429a3fdddebe198da) Importer(815301076,1909f56bfc062723c751e8b465ee728b)
Start importing Assets/Sprites/level tiles/Test2.png using Guid(0245f94df988c62429a3fdddebe198da) Importer(815301076,1909f56bfc062723c751e8b465ee728b)  -> (artifact id: '0d4a461b2cdc3e622b91702a353473ef') in 0.012582 seconds 
========================================================================
Received Import Request.
  Time since last request: 0.000266 seconds.
  path: Assets/Sprites/level tiles/test1.png
  artifactKey: Guid(e97aabef13db60c48a228ca53cc985bb) Importer(815301076,1909f56bfc062723c751e8b465ee728b)
Start importing Assets/Sprites/level tiles/test1.png using Guid(e97aabef13db60c48a228ca53cc985bb) Importer(815301076,1909f56bfc062723c751e8b465ee728b)  -> (artifact id: 'd04d1fdc07ebc540b26a881a75a16301') in 0.013737 seconds 
========================================================================
Received Import Request.
  Time since last request: 9.206957 seconds.
  path: Assets/Sprites/level tiles/Wall.jpg
  artifactKey: Guid(aac07b0ea60cbed4997f20843614427f) Importer(815301076,1909f56bfc062723c751e8b465ee728b)
Start importing Assets/Sprites/level tiles/Wall.jpg using Guid(aac07b0ea60cbed4997f20843614427f) Importer(815301076,1909f56bfc062723c751e8b465ee728b)  -> (artifact id: '65c0a1f0dbc90f0c592ea1c3c0fb364d') in 0.013910 seconds 
========================================================================
Received Import Request.
  Time since last request: 12.560202 seconds.
  path: Assets/Sprites/level tiles/Platform.png
  artifactKey: Guid(dfd3944808a9ae34ead90ec68332a8b5) Importer(815301076,1909f56bfc062723c751e8b465ee728b)
Start importing Assets/Sprites/level tiles/Platform.png using Guid(dfd3944808a9ae34ead90ec68332a8b5) Importer(815301076,1909f56bfc062723c751e8b465ee728b)  -> (artifact id: '4fdd74d0d02876acc5e42d21b1dd8526') in 0.008813 seconds 
========================================================================
Received Import Request.
  Time since last request: 0.000246 seconds.
  path: Assets/Sprites/level tiles/Test2.png
  artifactKey: Guid(0245f94df988c62429a3fdddebe198da) Importer(815301076,1909f56bfc062723c751e8b465ee728b)
Start importing Assets/Sprites/level tiles/Test2.png using Guid(0245f94df988c62429a3fdddebe198da) Importer(815301076,1909f56bfc062723c751e8b465ee728b)  -> (artifact id: '718ee1db6d5fe6c41c6edd41610639fe') in 0.013520 seconds 
========================================================================
Received Import Request.
  Time since last request: 0.000244 seconds.
  path: Assets/Sprites/level tiles/Wall.jpg
  artifactKey: Guid(aac07b0ea60cbed4997f20843614427f) Importer(815301076,1909f56bfc062723c751e8b465ee728b)
Start importing Assets/Sprites/level tiles/Wall.jpg using Guid(aac07b0ea60cbed4997f20843614427f) Importer(815301076,1909f56bfc062723c751e8b465ee728b)  -> (artifact id: 'afe1dcfc92d2675f207b7b8b2603d150') in 0.010108 seconds 
========================================================================
Received Import Request.
  Time since last request: 0.000223 seconds.
  path: Assets/Sprites/level tiles/test1.png
  artifactKey: Guid(e97aabef13db60c48a228ca53cc985bb) Importer(815301076,1909f56bfc062723c751e8b465ee728b)
Start importing Assets/Sprites/level tiles/test1.png using Guid(e97aabef13db60c48a228ca53cc985bb) Importer(815301076,1909f56bfc062723c751e8b465ee728b)  -> (artifact id: 'c408ae8f91824346bc4c264edfd805c6') in 0.012803 seconds 
========================================================================
Received Import Request.
  Time since last request: 0.000205 seconds.
  path: Assets/Sprites/level tiles/test3.png
  artifactKey: Guid(3fb8d3254551fdb4b8b7c54de8e266b4) Importer(815301076,1909f56bfc062723c751e8b465ee728b)
Start importing Assets/Sprites/level tiles/test3.png using Guid(3fb8d3254551fdb4b8b7c54de8e266b4) Importer(815301076,1909f56bfc062723c751e8b465ee728b)  -> (artifact id: 'caf33f4b1d59ba5e74c329f0e2cee310') in 0.009349 seconds 
========================================================================
Received Import Request.
  Time since last request: 22.067732 seconds.
  path: Assets/Sprites/level tiles/test1.png
  artifactKey: Guid(e97aabef13db60c48a228ca53cc985bb) Importer(815301076,1909f56bfc062723c751e8b465ee728b)
Start importing Assets/Sprites/level tiles/test1.png using Guid(e97aabef13db60c48a228ca53cc985bb) Importer(815301076,1909f56bfc062723c751e8b465ee728b)  -> (artifact id: '2f2898bb7eeebfec639a3fcc4b505fa4') in 0.012538 seconds 
========================================================================
Received Import Request.
  Time since last request: 0.000246 seconds.
  path: Assets/Sprites/level tiles/Wall.jpg
  artifactKey: Guid(aac07b0ea60cbed4997f20843614427f) Importer(815301076,1909f56bfc062723c751e8b465ee728b)
Start importing Assets/Sprites/level tiles/Wall.jpg using Guid(aac07b0ea60cbed4997f20843614427f) Importer(815301076,1909f56bfc062723c751e8b465ee728b)  -> (artifact id: '7ffe9bd6e67c63f7403934d4071bab36') in 0.010841 seconds 
========================================================================
Received Import Request.
  Time since last request: 109.042066 seconds.
  path: Assets/Scripts/PlayerController.cs
  artifactKey: Guid(c4a7901b7c73c2f4ba9bea4638dc312d) Importer(815301076,1909f56bfc062723c751e8b465ee728b)
Start importing Assets/Scripts/PlayerController.cs using Guid(c4a7901b7c73c2f4ba9bea4638dc312d) Importer(815301076,1909f56bfc062723c751e8b465ee728b)  -> (artifact id: 'edc6d4c4813d9d7b9c2948e92e06455a') in 0.042918 seconds 
========================================================================
Received Prepare
Registering precompiled user dll's ...
Registered in 0.004719 seconds.
Begin MonoManager ReloadAssembly
Native extension for WindowsStandalone target not found
Native extension for WebGL target not found
Refreshing native plugins compatible for Editor in 0.59 ms, found 3 plugins.
Preloading 0 native plugins for Editor in 0.00 ms.
Mono: successfully reloaded assembly
- Completed reload, in  1.004 seconds
Platform modules already initialized, skipping
Refreshing native plugins compatible for Editor in 0.62 ms, found 3 plugins.
Preloading 0 native plugins for Editor in 0.00 ms.
Unloading 2217 Unused Serialized files (Serialized files now loaded: 0)
System memory in use before: 109.7 MB.
System memory in use after: 109.9 MB.

Unloading 17 unused Assets to reduce memory usage. Loaded Objects now: 2981.
Total: 2.810800 ms (FindLiveObjects: 0.299400 ms CreateObjectMapping: 0.082300 ms MarkObjects: 2.384500 ms  DeleteObjects: 0.042900 ms)

========================================================================
Received Import Request.
  Time since last request: 32.877445 seconds.
  path: Assets/Scripts/PlayerController.cs
  artifactKey: Guid(c4a7901b7c73c2f4ba9bea4638dc312d) Importer(815301076,1909f56bfc062723c751e8b465ee728b)
Start importing Assets/Scripts/PlayerController.cs using Guid(c4a7901b7c73c2f4ba9bea4638dc312d) Importer(815301076,1909f56bfc062723c751e8b465ee728b)  -> (artifact id: 'a10a313ee84060db3a1af253c65acfec') in 0.005548 seconds 
========================================================================
Received Prepare
Registering precompiled user dll's ...
Registered in 0.004337 seconds.
Begin MonoManager ReloadAssembly
Native extension for WindowsStandalone target not found
Native extension for WebGL target not found
Refreshing native plugins compatible for Editor in 0.56 ms, found 3 plugins.
Preloading 0 native plugins for Editor in 0.00 ms.
Mono: successfully reloaded assembly
- Completed reload, in  0.931 seconds
Platform modules already initialized, skipping
Refreshing native plugins compatible for Editor in 0.53 ms, found 3 plugins.
Preloading 0 native plugins for Editor in 0.00 ms.
Unloading 2213 Unused Serialized files (Serialized files now loaded: 0)
System memory in use before: 109.6 MB.
System memory in use after: 109.8 MB.

Unloading 17 unused Assets to reduce memory usage. Loaded Objects now: 2984.
Total: 2.456000 ms (FindLiveObjects: 0.264700 ms CreateObjectMapping: 0.058600 ms MarkObjects: 2.106900 ms  DeleteObjects: 0.024700 ms)

========================================================================
Received Import Request.
  Time since last request: 107.616823 seconds.
  path: Assets/Scripts/PlayerController.cs
  artifactKey: Guid(c4a7901b7c73c2f4ba9bea4638dc312d) Importer(815301076,1909f56bfc062723c751e8b465ee728b)
Start importing Assets/Scripts/PlayerController.cs using Guid(c4a7901b7c73c2f4ba9bea4638dc312d) Importer(815301076,1909f56bfc062723c751e8b465ee728b)  -> (artifact id: '262b657022b5ccba83a4e21ed01aade6') in 0.005613 seconds 
========================================================================
Received Prepare
Registering precompiled user dll's ...
Registered in 0.004282 seconds.
Begin MonoManager ReloadAssembly
Native extension for WindowsStandalone target not found
Native extension for WebGL target not found
Refreshing native plugins compatible for Editor in 0.62 ms, found 3 plugins.
Preloading 0 native plugins for Editor in 0.00 ms.
Mono: successfully reloaded assembly
- Completed reload, in  0.932 seconds
Platform modules already initialized, skipping
Refreshing native plugins compatible for Editor in 0.54 ms, found 3 plugins.
Preloading 0 native plugins for Editor in 0.00 ms.
Unloading 2213 Unused Serialized files (Serialized files now loaded: 0)
System memory in use before: 109.6 MB.
System memory in use after: 109.8 MB.

Unloading 17 unused Assets to reduce memory usage. Loaded Objects now: 2987.
Total: 2.490200 ms (FindLiveObjects: 0.250700 ms CreateObjectMapping: 0.059100 ms MarkObjects: 2.156000 ms  DeleteObjects: 0.023400 ms)

========================================================================
Received Prepare
Registering precompiled user dll's ...
Registered in 0.004410 seconds.
Begin MonoManager ReloadAssembly
Native extension for WindowsStandalone target not found
Native extension for WebGL target not found
Refreshing native plugins compatible for Editor in 0.57 ms, found 3 plugins.
Preloading 0 native plugins for Editor in 0.00 ms.
Mono: successfully reloaded assembly
- Completed reload, in  0.948 seconds
Platform modules already initialized, skipping
Refreshing native plugins compatible for Editor in 0.63 ms, found 3 plugins.
Preloading 0 native plugins for Editor in 0.00 ms.
Unloading 2213 Unused Serialized files (Serialized files now loaded: 0)
System memory in use before: 109.6 MB.
System memory in use after: 109.9 MB.

Unloading 17 unused Assets to reduce memory usage. Loaded Objects now: 2990.
Total: 2.481800 ms (FindLiveObjects: 0.264200 ms CreateObjectMapping: 0.058200 ms MarkObjects: 2.134800 ms  DeleteObjects: 0.023600 ms)

========================================================================
Received Import Request.
  Time since last request: 78.211178 seconds.
  path: Assets/Tiles/Level tles.prefab
  artifactKey: Guid(8ef4087ca91153a4fb13683089f9e19a) Importer(815301076,1909f56bfc062723c751e8b465ee728b)
Start importing Assets/Tiles/Level tles.prefab using Guid(8ef4087ca91153a4fb13683089f9e19a) Importer(815301076,1909f56bfc062723c751e8b465ee728b)  -> (artifact id: '1a82d4d5ca12e112eb584997be97529a') in 0.029390 seconds 
========================================================================
Received Prepare
Registering precompiled user dll's ...
Registered in 0.005191 seconds.
Begin MonoManager ReloadAssembly
Native extension for WindowsStandalone target not found
Native extension for WebGL target not found
Refreshing native plugins compatible for Editor in 0.60 ms, found 3 plugins.
Preloading 0 native plugins for Editor in 0.00 ms.
Mono: successfully reloaded assembly
- Completed reload, in  0.961 seconds
Platform modules already initialized, skipping
Refreshing native plugins compatible for Editor in 0.61 ms, found 3 plugins.
Preloading 0 native plugins for Editor in 0.00 ms.
Unloading 2213 Unused Serialized files (Serialized files now loaded: 0)
System memory in use before: 109.7 MB.
System memory in use after: 109.9 MB.

Unloading 17 unused Assets to reduce memory usage. Loaded Objects now: 2993.
Total: 2.517100 ms (FindLiveObjects: 0.280500 ms CreateObjectMapping: 0.058200 ms MarkObjects: 2.149200 ms  DeleteObjects: 0.028200 ms)

========================================================================
Received Prepare
Registering precompiled user dll's ...
Registered in 0.004506 seconds.
Begin MonoManager ReloadAssembly
Native extension for WindowsStandalone target not found
Native extension for WebGL target not found
Refreshing native plugins compatible for Editor in 0.58 ms, found 3 plugins.
Preloading 0 native plugins for Editor in 0.00 ms.
Mono: successfully reloaded assembly
- Completed reload, in  0.993 seconds
Platform modules already initialized, skipping
Refreshing native plugins compatible for Editor in 0.56 ms, found 3 plugins.
Preloading 0 native plugins for Editor in 0.00 ms.
Unloading 2213 Unused Serialized files (Serialized files now loaded: 0)
System memory in use before: 109.5 MB.
System memory in use after: 109.8 MB.

Unloading 17 unused Assets to reduce memory usage. Loaded Objects now: 2996.
Total: 2.689200 ms (FindLiveObjects: 0.255100 ms CreateObjectMapping: 0.056700 ms MarkObjects: 2.351600 ms  DeleteObjects: 0.024800 ms)

========================================================================
Received Prepare
Registering precompiled user dll's ...
Registered in 0.004287 seconds.
Begin MonoManager ReloadAssembly
Native extension for WindowsStandalone target not found
Native extension for WebGL target not found
Refreshing native plugins compatible for Editor in 0.57 ms, found 3 plugins.
Preloading 0 native plugins for Editor in 0.00 ms.
Mono: successfully reloaded assembly
- Completed reload, in  0.964 seconds
Platform modules already initialized, skipping
Refreshing native plugins compatible for Editor in 0.56 ms, found 3 plugins.
Preloading 0 native plugins for Editor in 0.00 ms.
Unloading 2213 Unused Serialized files (Serialized files now loaded: 0)
System memory in use before: 109.6 MB.
System memory in use after: 109.8 MB.

Unloading 17 unused Assets to reduce memory usage. Loaded Objects now: 2999.
Total: 2.542500 ms (FindLiveObjects: 0.242200 ms CreateObjectMapping: 0.059800 ms MarkObjects: 2.214900 ms  DeleteObjects: 0.024700 ms)

========================================================================
Received Import Request.
  Time since last request: 155.384970 seconds.
  path: Assets/Physics/Friction.physicsMaterial2D
  artifactKey: Guid(45fec83afdb75514ca18c041c8c8d6c2) Importer(815301076,1909f56bfc062723c751e8b465ee728b)
Start importing Assets/Physics/Friction.physicsMaterial2D using Guid(45fec83afdb75514ca18c041c8c8d6c2) Importer(815301076,1909f56bfc062723c751e8b465ee728b)  -> (artifact id: '5773d35fcc5a7a6c1dc63d0296bcc965') in 0.023285 seconds 
========================================================================
Received Import Request.
  Time since last request: 0.000271 seconds.
  path: Assets/Physics/WallFriction.physicsMaterial2D
  artifactKey: Guid(b964ef3e2e4c6274fa9d3c583c61c7f6) Importer(815301076,1909f56bfc062723c751e8b465ee728b)
Start importing Assets/Physics/WallFriction.physicsMaterial2D using Guid(b964ef3e2e4c6274fa9d3c583c61c7f6) Importer(815301076,1909f56bfc062723c751e8b465ee728b)  -> (artifact id: '1e9a5b840f9d57df4d4f12b4ac11beb8') in 0.006542 seconds 
========================================================================
Received Prepare
Registering precompiled user dll's ...
Registered in 0.004862 seconds.
Begin MonoManager ReloadAssembly
Native extension for WindowsStandalone target not found
Native extension for WebGL target not found
Refreshing native plugins compatible for Editor in 0.60 ms, found 3 plugins.
Preloading 0 native plugins for Editor in 0.00 ms.
Mono: successfully reloaded assembly
- Completed reload, in  0.976 seconds
Platform modules already initialized, skipping
Refreshing native plugins compatible for Editor in 0.61 ms, found 3 plugins.
Preloading 0 native plugins for Editor in 0.00 ms.
Unloading 2213 Unused Serialized files (Serialized files now loaded: 0)
System memory in use before: 109.7 MB.
System memory in use after: 109.9 MB.

Unloading 17 unused Assets to reduce memory usage. Loaded Objects now: 3002.
Total: 2.541400 ms (FindLiveObjects: 0.280000 ms CreateObjectMapping: 0.054600 ms MarkObjects: 2.179600 ms  DeleteObjects: 0.026100 ms)

========================================================================
Received Prepare
Registering precompiled user dll's ...
Registered in 0.004342 seconds.
Begin MonoManager ReloadAssembly
Native extension for WindowsStandalone target not found
Native extension for WebGL target not found
Refreshing native plugins compatible for Editor in 0.61 ms, found 3 plugins.
Preloading 0 native plugins for Editor in 0.00 ms.
Mono: successfully reloaded assembly
- Completed reload, in  0.952 seconds
Platform modules already initialized, skipping
Refreshing native plugins compatible for Editor in 0.56 ms, found 3 plugins.
Preloading 0 native plugins for Editor in 0.00 ms.
Unloading 2213 Unused Serialized files (Serialized files now loaded: 0)
System memory in use before: 109.7 MB.
System memory in use after: 109.9 MB.

Unloading 17 unused Assets to reduce memory usage. Loaded Objects now: 3005.
Total: 2.492200 ms (FindLiveObjects: 0.250800 ms CreateObjectMapping: 0.059000 ms MarkObjects: 2.158800 ms  DeleteObjects: 0.022500 ms)

========================================================================
Received Prepare
Registering precompiled user dll's ...
Registered in 0.004538 seconds.
Begin MonoManager ReloadAssembly
Native extension for WindowsStandalone target not found
Native extension for WebGL target not found
Refreshing native plugins compatible for Editor in 0.58 ms, found 3 plugins.
Preloading 0 native plugins for Editor in 0.00 ms.
Mono: successfully reloaded assembly
- Completed reload, in  0.966 seconds
Platform modules already initialized, skipping
Refreshing native plugins compatible for Editor in 0.55 ms, found 3 plugins.
Preloading 0 native plugins for Editor in 0.00 ms.
Unloading 2213 Unused Serialized files (Serialized files now loaded: 0)
System memory in use before: 109.7 MB.
System memory in use after: 110.0 MB.

Unloading 17 unused Assets to reduce memory usage. Loaded Objects now: 3008.
Total: 2.440100 ms (FindLiveObjects: 0.268900 ms CreateObjectMapping: 0.056500 ms MarkObjects: 2.088900 ms  DeleteObjects: 0.025000 ms)

========================================================================
Received Prepare
Registering precompiled user dll's ...
Registered in 0.005030 seconds.
Begin MonoManager ReloadAssembly
Native extension for WindowsStandalone target not found
Native extension for WebGL target not found
Refreshing native plugins compatible for Editor in 0.58 ms, found 3 plugins.
Preloading 0 native plugins for Editor in 0.00 ms.
Mono: successfully reloaded assembly
- Completed reload, in  0.998 seconds
Platform modules already initialized, skipping
Refreshing native plugins compatible for Editor in 0.57 ms, found 3 plugins.
Preloading 0 native plugins for Editor in 0.00 ms.
Unloading 2213 Unused Serialized files (Serialized files now loaded: 0)
System memory in use before: 109.7 MB.
System memory in use after: 110.0 MB.

Unloading 17 unused Assets to reduce memory usage. Loaded Objects now: 3011.
Total: 2.462300 ms (FindLiveObjects: 0.252400 ms CreateObjectMapping: 0.057800 ms MarkObjects: 2.125700 ms  DeleteObjects: 0.025300 ms)

========================================================================
Received Prepare
Registering precompiled user dll's ...
Registered in 0.004330 seconds.
Begin MonoManager ReloadAssembly
Native extension for WindowsStandalone target not found
Native extension for WebGL target not found
Refreshing native plugins compatible for Editor in 0.61 ms, found 3 plugins.
Preloading 0 native plugins for Editor in 0.00 ms.
Mono: successfully reloaded assembly
- Completed reload, in  0.970 seconds
Platform modules already initialized, skipping
Refreshing native plugins compatible for Editor in 0.61 ms, found 3 plugins.
Preloading 0 native plugins for Editor in 0.00 ms.
Unloading 2213 Unused Serialized files (Serialized files now loaded: 0)
System memory in use before: 109.8 MB.
System memory in use after: 110.0 MB.

Unloading 17 unused Assets to reduce memory usage. Loaded Objects now: 3014.
Total: 2.473900 ms (FindLiveObjects: 0.251100 ms CreateObjectMapping: 0.057400 ms MarkObjects: 2.141800 ms  DeleteObjects: 0.022400 ms)

========================================================================
Received Prepare
Registering precompiled user dll's ...
Registered in 0.004503 seconds.
Begin MonoManager ReloadAssembly
Native extension for WindowsStandalone target not found
Native extension for WebGL target not found
Refreshing native plugins compatible for Editor in 0.70 ms, found 3 plugins.
Preloading 0 native plugins for Editor in 0.00 ms.
Mono: successfully reloaded assembly
- Completed reload, in  0.957 seconds
Platform modules already initialized, skipping
Refreshing native plugins compatible for Editor in 0.58 ms, found 3 plugins.
Preloading 0 native plugins for Editor in 0.00 ms.
Unloading 2213 Unused Serialized files (Serialized files now loaded: 0)
System memory in use before: 109.8 MB.
System memory in use after: 110.0 MB.

Unloading 17 unused Assets to reduce memory usage. Loaded Objects now: 3017.
Total: 2.656000 ms (FindLiveObjects: 0.285600 ms CreateObjectMapping: 0.063800 ms MarkObjects: 2.281000 ms  DeleteObjects: 0.024700 ms)

========================================================================
Received Prepare
Registering precompiled user dll's ...
Registered in 0.004455 seconds.
Begin MonoManager ReloadAssembly
Native extension for WindowsStandalone target not found
Native extension for WebGL target not found
Refreshing native plugins compatible for Editor in 0.60 ms, found 3 plugins.
Preloading 0 native plugins for Editor in 0.00 ms.
Mono: successfully reloaded assembly
- Completed reload, in  0.964 seconds
Platform modules already initialized, skipping
Refreshing native plugins compatible for Editor in 0.57 ms, found 3 plugins.
Preloading 0 native plugins for Editor in 0.00 ms.
Unloading 2213 Unused Serialized files (Serialized files now loaded: 0)
System memory in use before: 109.8 MB.
System memory in use after: 110.0 MB.

Unloading 17 unused Assets to reduce memory usage. Loaded Objects now: 3020.
Total: 2.543300 ms (FindLiveObjects: 0.274300 ms CreateObjectMapping: 0.055500 ms MarkObjects: 2.185900 ms  DeleteObjects: 0.026800 ms)

========================================================================
Received Prepare
Registering precompiled user dll's ...
Registered in 0.004048 seconds.
Begin MonoManager ReloadAssembly
Native extension for WindowsStandalone target not found
Native extension for WebGL target not found
Refreshing native plugins compatible for Editor in 0.59 ms, found 3 plugins.
Preloading 0 native plugins for Editor in 0.00 ms.
Mono: successfully reloaded assembly
- Completed reload, in  0.953 seconds
Platform modules already initialized, skipping
Refreshing native plugins compatible for Editor in 0.61 ms, found 3 plugins.
Preloading 0 native plugins for Editor in 0.00 ms.
Unloading 2213 Unused Serialized files (Serialized files now loaded: 0)
System memory in use before: 109.7 MB.
System memory in use after: 109.9 MB.

Unloading 17 unused Assets to reduce memory usage. Loaded Objects now: 3023.
Total: 3.202300 ms (FindLiveObjects: 0.318000 ms CreateObjectMapping: 0.060700 ms MarkObjects: 2.784000 ms  DeleteObjects: 0.038200 ms)

========================================================================
Received Prepare
Registering precompiled user dll's ...
Registered in 0.004424 seconds.
Begin MonoManager ReloadAssembly
Native extension for WindowsStandalone target not found
Native extension for WebGL target not found
Refreshing native plugins compatible for Editor in 0.59 ms, found 3 plugins.
Preloading 0 native plugins for Editor in 0.00 ms.
Mono: successfully reloaded assembly
- Completed reload, in  0.956 seconds
Platform modules already initialized, skipping
Refreshing native plugins compatible for Editor in 0.57 ms, found 3 plugins.
Preloading 0 native plugins for Editor in 0.00 ms.
Unloading 2213 Unused Serialized files (Serialized files now loaded: 0)
System memory in use before: 109.8 MB.
System memory in use after: 110.0 MB.

Unloading 17 unused Assets to reduce memory usage. Loaded Objects now: 3026.
Total: 2.509800 ms (FindLiveObjects: 0.288300 ms CreateObjectMapping: 0.058200 ms MarkObjects: 2.137400 ms  DeleteObjects: 0.024900 ms)

========================================================================
Received Prepare
Registering precompiled user dll's ...
Registered in 0.004540 seconds.
Begin MonoManager ReloadAssembly
Native extension for WindowsStandalone target not found
Native extension for WebGL target not found
Refreshing native plugins compatible for Editor in 0.59 ms, found 3 plugins.
Preloading 0 native plugins for Editor in 0.00 ms.
Mono: successfully reloaded assembly
- Completed reload, in  1.011 seconds
Platform modules already initialized, skipping
Refreshing native plugins compatible for Editor in 0.60 ms, found 3 plugins.
Preloading 0 native plugins for Editor in 0.00 ms.
Unloading 2213 Unused Serialized files (Serialized files now loaded: 0)
System memory in use before: 109.9 MB.
System memory in use after: 110.1 MB.

Unloading 17 unused Assets to reduce memory usage. Loaded Objects now: 3029.
Total: 2.734100 ms (FindLiveObjects: 0.286400 ms CreateObjectMapping: 0.058100 ms MarkObjects: 2.358300 ms  DeleteObjects: 0.029900 ms)

========================================================================
Received Prepare
Registering precompiled user dll's ...
Registered in 0.004447 seconds.
Begin MonoManager ReloadAssembly
Native extension for WindowsStandalone target not found
Native extension for WebGL target not found
Refreshing native plugins compatible for Editor in 0.65 ms, found 3 plugins.
Preloading 0 native plugins for Editor in 0.00 ms.
Mono: successfully reloaded assembly
- Completed reload, in  0.988 seconds
Platform modules already initialized, skipping
Refreshing native plugins compatible for Editor in 0.60 ms, found 3 plugins.
Preloading 0 native plugins for Editor in 0.00 ms.
Unloading 2213 Unused Serialized files (Serialized files now loaded: 0)
System memory in use before: 109.9 MB.
System memory in use after: 110.1 MB.

Unloading 17 unused Assets to reduce memory usage. Loaded Objects now: 3032.
Total: 2.990500 ms (FindLiveObjects: 0.297200 ms CreateObjectMapping: 0.059400 ms MarkObjects: 2.602800 ms  DeleteObjects: 0.029700 ms)

========================================================================
Received Prepare
Registering precompiled user dll's ...
Registered in 0.004427 seconds.
Begin MonoManager ReloadAssembly
Native extension for WindowsStandalone target not found
Native extension for WebGL target not found
Refreshing native plugins compatible for Editor in 0.64 ms, found 3 plugins.
Preloading 0 native plugins for Editor in 0.00 ms.
Mono: successfully reloaded assembly
- Completed reload, in  0.958 seconds
Platform modules already initialized, skipping
Refreshing native plugins compatible for Editor in 0.59 ms, found 3 plugins.
Preloading 0 native plugins for Editor in 0.00 ms.
Unloading 2213 Unused Serialized files (Serialized files now loaded: 0)
System memory in use before: 109.9 MB.
System memory in use after: 110.1 MB.

Unloading 17 unused Assets to reduce memory usage. Loaded Objects now: 3035.
Total: 2.734900 ms (FindLiveObjects: 0.288000 ms CreateObjectMapping: 0.064700 ms MarkObjects: 2.351700 ms  DeleteObjects: 0.029000 ms)

========================================================================
Received Prepare
Registering precompiled user dll's ...
Registered in 0.004404 seconds.
Begin MonoManager ReloadAssembly
Native extension for WindowsStandalone target not found
Native extension for WebGL target not found
Refreshing native plugins compatible for Editor in 0.63 ms, found 3 plugins.
Preloading 0 native plugins for Editor in 0.00 ms.
Mono: successfully reloaded assembly
- Completed reload, in  0.947 seconds
Platform modules already initialized, skipping
Refreshing native plugins compatible for Editor in 0.57 ms, found 3 plugins.
Preloading 0 native plugins for Editor in 0.00 ms.
Unloading 2213 Unused Serialized files (Serialized files now loaded: 0)
System memory in use before: 109.8 MB.
System memory in use after: 110.0 MB.

Unloading 17 unused Assets to reduce memory usage. Loaded Objects now: 3038.
Total: 2.495300 ms (FindLiveObjects: 0.282000 ms CreateObjectMapping: 0.059000 ms MarkObjects: 2.130600 ms  DeleteObjects: 0.022600 ms)

========================================================================
Received Prepare
Registering precompiled user dll's ...
Registered in 0.004319 seconds.
Begin MonoManager ReloadAssembly
Native extension for WindowsStandalone target not found
Native extension for WebGL target not found
Refreshing native plugins compatible for Editor in 0.57 ms, found 3 plugins.
Preloading 0 native plugins for Editor in 0.00 ms.
Mono: successfully reloaded assembly
- Completed reload, in  0.954 seconds
Platform modules already initialized, skipping
Refreshing native plugins compatible for Editor in 0.56 ms, found 3 plugins.
Preloading 0 native plugins for Editor in 0.00 ms.
Unloading 2213 Unused Serialized files (Serialized files now loaded: 0)
System memory in use before: 109.8 MB.
System memory in use after: 110.1 MB.

Unloading 17 unused Assets to reduce memory usage. Loaded Objects now: 3041.
Total: 2.764500 ms (FindLiveObjects: 0.291100 ms CreateObjectMapping: 0.058800 ms MarkObjects: 2.382500 ms  DeleteObjects: 0.031200 ms)

========================================================================
Received Prepare
Registering precompiled user dll's ...
Registered in 0.004066 seconds.
Begin MonoManager ReloadAssembly
Native extension for WindowsStandalone target not found
Native extension for WebGL target not found
Refreshing native plugins compatible for Editor in 0.58 ms, found 3 plugins.
Preloading 0 native plugins for Editor in 0.00 ms.
Mono: successfully reloaded assembly
- Completed reload, in  0.930 seconds
Platform modules already initialized, skipping
Refreshing native plugins compatible for Editor in 0.54 ms, found 3 plugins.
Preloading 0 native plugins for Editor in 0.00 ms.
Unloading 2213 Unused Serialized files (Serialized files now loaded: 0)
System memory in use before: 109.8 MB.
System memory in use after: 110.1 MB.

Unloading 17 unused Assets to reduce memory usage. Loaded Objects now: 3044.
Total: 2.550000 ms (FindLiveObjects: 0.258100 ms CreateObjectMapping: 0.068400 ms MarkObjects: 2.194400 ms  DeleteObjects: 0.027900 ms)

========================================================================
Received Prepare
Registering precompiled user dll's ...
Registered in 0.004362 seconds.
Begin MonoManager ReloadAssembly
Native extension for WindowsStandalone target not found
Native extension for WebGL target not found
Refreshing native plugins compatible for Editor in 0.59 ms, found 3 plugins.
Preloading 0 native plugins for Editor in 0.00 ms.
Mono: successfully reloaded assembly
- Completed reload, in  0.937 seconds
Platform modules already initialized, skipping
Refreshing native plugins compatible for Editor in 0.69 ms, found 3 plugins.
Preloading 0 native plugins for Editor in 0.00 ms.
Unloading 2213 Unused Serialized files (Serialized files now loaded: 0)
System memory in use before: 110.0 MB.
System memory in use after: 110.2 MB.

Unloading 17 unused Assets to reduce memory usage. Loaded Objects now: 3047.
Total: 3.622800 ms (FindLiveObjects: 0.772600 ms CreateObjectMapping: 0.080800 ms MarkObjects: 2.738100 ms  DeleteObjects: 0.029600 ms)

========================================================================
Received Prepare
Registering precompiled user dll's ...
Registered in 0.004533 seconds.
Begin MonoManager ReloadAssembly
Native extension for WindowsStandalone target not found
Native extension for WebGL target not found
Refreshing native plugins compatible for Editor in 0.64 ms, found 3 plugins.
Preloading 0 native plugins for Editor in 0.00 ms.
Mono: successfully reloaded assembly
- Completed reload, in  0.969 seconds
Platform modules already initialized, skipping
Refreshing native plugins compatible for Editor in 0.60 ms, found 3 plugins.
Preloading 0 native plugins for Editor in 0.00 ms.
Unloading 2213 Unused Serialized files (Serialized files now loaded: 0)
System memory in use before: 110.0 MB.
System memory in use after: 110.2 MB.

Unloading 17 unused Assets to reduce memory usage. Loaded Objects now: 3050.
Total: 3.156400 ms (FindLiveObjects: 0.309200 ms CreateObjectMapping: 0.065600 ms MarkObjects: 2.750900 ms  DeleteObjects: 0.029400 ms)

========================================================================
Received Prepare
Registering precompiled user dll's ...
Registered in 0.004269 seconds.
Begin MonoManager ReloadAssembly
Native extension for WindowsStandalone target not found
Native extension for WebGL target not found
Refreshing native plugins compatible for Editor in 0.59 ms, found 3 plugins.
Preloading 0 native plugins for Editor in 0.00 ms.
Mono: successfully reloaded assembly
- Completed reload, in  0.975 seconds
Platform modules already initialized, skipping
Refreshing native plugins compatible for Editor in 0.58 ms, found 3 plugins.
Preloading 0 native plugins for Editor in 0.00 ms.
Unloading 2213 Unused Serialized files (Serialized files now loaded: 0)
System memory in use before: 110.0 MB.
System memory in use after: 110.2 MB.

Unloading 17 unused Assets to reduce memory usage. Loaded Objects now: 3053.
Total: 2.766800 ms (FindLiveObjects: 0.393700 ms CreateObjectMapping: 0.065100 ms MarkObjects: 2.277900 ms  DeleteObjects: 0.028600 ms)

========================================================================
Received Prepare
Registering precompiled user dll's ...
Registered in 0.004157 seconds.
Begin MonoManager ReloadAssembly
Native extension for WindowsStandalone target not found
Native extension for WebGL target not found
Refreshing native plugins compatible for Editor in 0.58 ms, found 3 plugins.
Preloading 0 native plugins for Editor in 0.00 ms.
Mono: successfully reloaded assembly
- Completed reload, in  0.957 seconds
Platform modules already initialized, skipping
Refreshing native plugins compatible for Editor in 0.55 ms, found 3 plugins.
Preloading 0 native plugins for Editor in 0.00 ms.
Unloading 2213 Unused Serialized files (Serialized files now loaded: 0)
System memory in use before: 110.0 MB.
System memory in use after: 110.2 MB.

Unloading 17 unused Assets to reduce memory usage. Loaded Objects now: 3056.
Total: 2.618400 ms (FindLiveObjects: 0.267200 ms CreateObjectMapping: 0.061000 ms MarkObjects: 2.263200 ms  DeleteObjects: 0.025800 ms)

========================================================================
Received Prepare
Registering precompiled user dll's ...
Registered in 0.004185 seconds.
Begin MonoManager ReloadAssembly
Native extension for WindowsStandalone target not found
Native extension for WebGL target not found
Refreshing native plugins compatible for Editor in 0.58 ms, found 3 plugins.
Preloading 0 native plugins for Editor in 0.00 ms.
Mono: successfully reloaded assembly
- Completed reload, in  0.982 seconds
Platform modules already initialized, skipping
Refreshing native plugins compatible for Editor in 0.63 ms, found 3 plugins.
Preloading 0 native plugins for Editor in 0.00 ms.
Unloading 2213 Unused Serialized files (Serialized files now loaded: 0)
System memory in use before: 109.9 MB.
System memory in use after: 110.1 MB.

Unloading 17 unused Assets to reduce memory usage. Loaded Objects now: 3059.
Total: 2.507300 ms (FindLiveObjects: 0.251700 ms CreateObjectMapping: 0.061400 ms MarkObjects: 2.167200 ms  DeleteObjects: 0.026100 ms)

========================================================================
Received Import Request.
  Time since last request: 5963.984884 seconds.
  path: Assets/Sprites/level tiles/platform.asset
  artifactKey: Guid(b830dc47bbf4959449004283d28b917c) Importer(815301076,1909f56bfc062723c751e8b465ee728b)
Start importing Assets/Sprites/level tiles/platform.asset using Guid(b830dc47bbf4959449004283d28b917c) Importer(815301076,1909f56bfc062723c751e8b465ee728b)  -> (artifact id: '0bf0da5f056e90a4e0b42e84f9d6da86') in 0.060802 seconds 
========================================================================
Received Import Request.
  Time since last request: 0.000314 seconds.
  path: Assets/Sprites/level tiles/test1.asset
  artifactKey: Guid(06663130f3d3b7b438041f6128f8b4b3) Importer(815301076,1909f56bfc062723c751e8b465ee728b)
Start importing Assets/Sprites/level tiles/test1.asset using Guid(06663130f3d3b7b438041f6128f8b4b3) Importer(815301076,1909f56bfc062723c751e8b465ee728b)  -> (artifact id: 'dd187fc085d20739b312233526454e58') in 0.020576 seconds 
========================================================================
Received Import Request.
  Time since last request: 0.000193 seconds.
  path: Assets/Sprites/level tiles/test3.asset
  artifactKey: Guid(a00a0f53389264248926b72aabda4b7b) Importer(815301076,1909f56bfc062723c751e8b465ee728b)
Start importing Assets/Sprites/level tiles/test3.asset using Guid(a00a0f53389264248926b72aabda4b7b) Importer(815301076,1909f56bfc062723c751e8b465ee728b)  -> (artifact id: 'd19b0346a49ec92f7f5531352b458ebb') in 0.018079 seconds 
========================================================================
Received Import Request.
  Time since last request: 0.000230 seconds.
  path: Assets/Sprites/level tiles/Test2.asset
  artifactKey: Guid(95e395fe059d75d489ff5b836aa28c42) Importer(815301076,1909f56bfc062723c751e8b465ee728b)
Start importing Assets/Sprites/level tiles/Test2.asset using Guid(95e395fe059d75d489ff5b836aa28c42) Importer(815301076,1909f56bfc062723c751e8b465ee728b)  -> (artifact id: 'b11a863a57bd55bac885edd553612ae5') in 0.020703 seconds 
AssetImportWorkerClient::OnTransportError - code=2 error=End of file
